#
# There is insufficient memory for the Java Runtime Environment to continue.
# Native memory allocation (malloc) failed to allocate 1048576 bytes for AllocateHeap
# Possible reasons:
#   The system is out of physical RAM or swap space
#   The process is running with CompressedOops enabled, and the Java Heap may be blocking the growth of the native heap
# Possible solutions:
#   Reduce memory load on the system
#   Increase physical memory or swap space
#   Check if swap backing store is full
#   Decrease Java heap size (-Xmx/-Xms)
#   Decrease number of Java threads
#   Decrease Java thread stack sizes (-Xss)
#   Set larger code cache with -XX:ReservedCodeCacheSize=
#   JVM is running with Zero Based Compressed Oops mode in which the Java heap is
#     placed in the first 32GB address space. The Java Heap base address is the
#     maximum limit for the native heap growth. Please use -XX:HeapBaseMinAddress
#     to set the Java Heap base and to place the Java Heap above 32GB virtual address.
# This output file may be truncated or incomplete.
#
#  Out of Memory Error (c:/BuildAgent/work/5ff2f6c26000d570/src/hotspot/share/memory/allocation.cpp:46), pid=10004, tid=4800
#
# JRE version: OpenJDK Runtime Environment (11.0.5+10) (build 11.0.5+10-b520.38)
# Java VM: OpenJDK 64-Bit Server VM (11.0.5+10-b520.38, mixed mode, sharing, tiered, compressed oops, g1 gc, windows-amd64)
# No core dump will be written. Minidumps are not enabled by default on client versions of Windows
#

---------------  S U M M A R Y ------------

Command Line: -XX:TieredStopAtLevel=1 -Xverify:none -Dspring.output.ansi.enabled=always -Dcom.sun.management.jmxremote -Dspring.jmx.enabled=true -Dspring.liveBeansView.mbeanDomain -Dspring.application.admin.enabled=true -javaagent:D:\Program Files\JetBrains\IntelliJ IDEA 2019.3.3\lib\idea_rt.jar=61550:D:\Program Files\JetBrains\IntelliJ IDEA 2019.3.3\bin -Dfile.encoding=UTF-8 at.fhj.ima.kanbancollab.kanbancollab.KanbanCollabApplicationKt

Host: Intel(R) Core(TM) i5-4670K CPU @ 3.40GHz, 4 cores, 15G,  Windows 10 , 64 bit Build 18362 (10.0.18362.900)
Time: Sat Jun 20 18:32:51 2020 W. Europe Summer Time elapsed time: 21 seconds (0d 0h 0m 21s)

---------------  T H R E A D  ---------------

Current thread (0x0000018e6689d000):  VMThread "VM Thread" [stack: 0x00000067edb00000,0x00000067edc00000] [id=4800]

Stack: [0x00000067edb00000,0x00000067edc00000]
[error occurred during error reporting (printing stack bounds), id 0xc0000005, EXCEPTION_ACCESS_VIOLATION (0xc0000005) at pc=0x0000018e4bc10dad]

Native frames: (J=compiled Java code, j=interpreted, Vv=VM code, C=native code)
V  [jvm.dll+0x5dcafa]
V  [jvm.dll+0x70e375]
V  [jvm.dll+0x70f898]
V  [jvm.dll+0x70fec5]
V  [jvm.dll+0x70fe7b]
V  [jvm.dll+0x5dc288]
V  [jvm.dll+0x5dc6e8]
C  [ntdll.dll+0xa11cf]
C  [ntdll.dll+0x6a209]
C  [ntdll.dll+0x9fe3e]
C  0x0000018e4bc10dad

VM_Operation (0x00000067ef6fa910): CollectForMetadataAllocation, mode: safepoint, requested by thread 0x0000018e6b7fc800


---------------  P R O C E S S  ---------------

Threads class SMR info:
_java_thread_list=0x0000018e68809200, length=33, elements={
0x0000018e668a4000, 0x0000018e668a5800, 0x0000018e668bc000, 0x0000018e668bd800,
0x0000018e668bf800, 0x0000018e668de000, 0x0000018e67160800, 0x0000018e674db800,
0x0000018e674dc800, 0x0000018e678d7000, 0x0000018e682e9800, 0x0000018e6834f000,
0x0000018e68ef0000, 0x0000018e68faf800, 0x0000018e68fb0800, 0x0000018e68fba800,
0x0000018e690a8800, 0x0000018e6b800800, 0x0000018e6b802000, 0x0000018e6b7fc800,
0x0000018e6b803000, 0x0000018e6b7fd000, 0x0000018e6b801000, 0x0000018e6b7fe000,
0x0000018e6b7fe800, 0x0000018e6b7ff800, 0x0000018e68d87000, 0x0000018e68d8c000,
0x0000018e68d88000, 0x0000018e68d88800, 0x0000018e68d89800, 0x0000018e68d86800,
0x0000018e68d8f800
}

Java Threads: ( => current thread )
  0x0000018e668a4000 JavaThread "Reference Handler" daemon [_thread_blocked, id=7352, stack(0x00000067edc00000,0x00000067edd00000)]
  0x0000018e668a5800 JavaThread "Finalizer" daemon [_thread_blocked, id=6652, stack(0x00000067edd00000,0x00000067ede00000)]
  0x0000018e668bc000 JavaThread "Signal Dispatcher" daemon [_thread_blocked, id=3688, stack(0x00000067ede00000,0x00000067edf00000)]
  0x0000018e668bd800 JavaThread "Attach Listener" daemon [_thread_blocked, id=6940, stack(0x00000067edf00000,0x00000067ee000000)]
  0x0000018e668bf800 JavaThread "C1 CompilerThread0" daemon [_thread_blocked, id=16608, stack(0x00000067ee000000,0x00000067ee100000)]
  0x0000018e668de000 JavaThread "Sweeper thread" daemon [_thread_blocked, id=128, stack(0x00000067ee100000,0x00000067ee200000)]
  0x0000018e67160800 JavaThread "Common-Cleaner" daemon [_thread_blocked, id=15456, stack(0x00000067ee200000,0x00000067ee300000)]
  0x0000018e674db800 JavaThread "Monitor Ctrl-Break" daemon [_thread_in_native, id=3880, stack(0x00000067ee300000,0x00000067ee400000)]
  0x0000018e674dc800 JavaThread "Service Thread" daemon [_thread_blocked, id=12304, stack(0x00000067ee400000,0x00000067ee500000)]
  0x0000018e678d7000 JavaThread "RMI TCP Accept-0" daemon [_thread_in_native, id=16480, stack(0x00000067ee500000,0x00000067ee600000)]
  0x0000018e682e9800 JavaThread "RMI TCP Connection(4)-192.168.0.14" daemon [_thread_in_native, id=372, stack(0x00000067eeb00000,0x00000067eec00000)]
  0x0000018e6834f000 JavaThread "RMI Scheduler(0)" daemon [_thread_blocked, id=17612, stack(0x00000067eed00000,0x00000067eee00000)]
  0x0000018e68ef0000 JavaThread "Catalina-utility-1" [_thread_blocked, id=13360, stack(0x00000067ee700000,0x00000067ee800000)]
  0x0000018e68faf800 JavaThread "Catalina-utility-2" [_thread_blocked, id=16180, stack(0x00000067eee00000,0x00000067eef00000)]
  0x0000018e68fb0800 JavaThread "container-0" [_thread_blocked, id=12176, stack(0x00000067eef00000,0x00000067ef000000)]
  0x0000018e68fba800 JavaThread "mysql-cj-abandoned-connection-cleanup" daemon [_thread_blocked, id=10852, stack(0x00000067ef000000,0x00000067ef100000)]
  0x0000018e690a8800 JavaThread "HikariPool-1 housekeeper" daemon [_thread_blocked, id=8900, stack(0x00000067ef200000,0x00000067ef300000)]
  0x0000018e6b800800 JavaThread "http-nio-8080-BlockPoller" daemon [_thread_in_native, id=8364, stack(0x00000067ef400000,0x00000067ef500000)]
  0x0000018e6b802000 JavaThread "http-nio-8080-exec-1" daemon [_thread_blocked, id=11004, stack(0x00000067ef500000,0x00000067ef600000)]
  0x0000018e6b7fc800 JavaThread "http-nio-8080-exec-2" daemon [_thread_blocked, id=8760, stack(0x00000067ef600000,0x00000067ef700000)]
  0x0000018e6b803000 JavaThread "http-nio-8080-exec-3" daemon [_thread_blocked, id=10144, stack(0x00000067ef700000,0x00000067ef800000)]
  0x0000018e6b7fd000 JavaThread "http-nio-8080-exec-4" daemon [_thread_blocked, id=13780, stack(0x00000067ef800000,0x00000067ef900000)]
  0x0000018e6b801000 JavaThread "http-nio-8080-exec-5" daemon [_thread_blocked, id=15792, stack(0x00000067ef900000,0x00000067efa00000)]
  0x0000018e6b7fe000 JavaThread "http-nio-8080-exec-6" daemon [_thread_blocked, id=13232, stack(0x00000067efa00000,0x00000067efb00000)]
  0x0000018e6b7fe800 JavaThread "http-nio-8080-exec-7" daemon [_thread_blocked, id=2816, stack(0x00000067efb00000,0x00000067efc00000)]
  0x0000018e6b7ff800 JavaThread "http-nio-8080-exec-8" daemon [_thread_blocked, id=18356, stack(0x00000067efc00000,0x00000067efd00000)]
  0x0000018e68d87000 JavaThread "http-nio-8080-exec-9" daemon [_thread_blocked, id=9108, stack(0x00000067efd00000,0x00000067efe00000)]
  0x0000018e68d8c000 JavaThread "http-nio-8080-exec-10" daemon [_thread_blocked, id=17088, stack(0x00000067efe00000,0x00000067eff00000)]
  0x0000018e68d88000 JavaThread "http-nio-8080-ClientPoller" daemon [_thread_in_native, id=9212, stack(0x00000067eff00000,0x00000067f0000000)]
  0x0000018e68d88800 JavaThread "http-nio-8080-Acceptor" daemon [_thread_in_native, id=12484, stack(0x00000067f0000000,0x00000067f0100000)]
  0x0000018e68d89800 JavaThread "DestroyJavaVM" [_thread_blocked, id=8908, stack(0x00000067ed500000,0x00000067ed600000)]
  0x0000018e68d86800 JavaThread "RMI TCP Connection(idle)" daemon [_thread_blocked, id=14304, stack(0x00000067f0100000,0x00000067f0200000)]
  0x0000018e68d8f800 JavaThread "RMI TCP Connection(idle)" daemon [_thread_blocked, id=11976, stack(0x00000067f0200000,0x00000067f0300000)]

Other Threads:
=>0x0000018e6689d000 VMThread "VM Thread" [stack: 0x00000067edb00000,0x00000067edc00000] [id=4800]
  0x0000018e678e0000 WatcherThread [stack: 0x00000067ee600000,0x00000067ee700000] [id=11532]
  0x0000018e47b7f800 GCTaskThread "GC Thread#0" [stack: 0x00000067ed600000,0x00000067ed700000] [id=16000]
  0x0000018e678f2000 GCTaskThread "GC Thread#1" [stack: 0x00000067ee800000,0x00000067ee900000] [id=17144]
  0x0000018e67903000 GCTaskThread "GC Thread#2" [stack: 0x00000067ee900000,0x00000067eea00000] [id=3336]
  0x0000018e67904000 GCTaskThread "GC Thread#3" [stack: 0x00000067eea00000,0x00000067eeb00000] [id=17500]
  0x0000018e47bdc800 ConcurrentGCThread "G1 Main Marker" [stack: 0x00000067ed700000,0x00000067ed800000] [id=7856]
  0x0000018e47bde800 ConcurrentGCThread "G1 Conc#0" [stack: 0x00000067ed800000,0x00000067ed900000] [id=5924]
  0x0000018e667b3000 ConcurrentGCThread "G1 Refine#0" [stack: 0x00000067ed900000,0x00000067eda00000] [id=14808]
  0x0000018e673e5800 ConcurrentGCThread "G1 Refine#1" [stack: 0x00000067eec00000,0x00000067eed00000] [id=16772]
  0x0000018e667b4000 ConcurrentGCThread "G1 Young RemSet Sampling" [stack: 0x00000067eda00000,0x00000067edb00000] [id=6180]

Threads with active compile tasks:

VM state:at safepoint (normal execution)

VM Mutex/Monitor currently owned by a thread:  ([mutex/lock_event])
[0x0000018e47b61660] Threads_lock - owner thread: 0x0000018e6689d000
[0x0000018e47b61b70] Heap_lock - owner thread: 0x0000018e6b7fc800

OutOfMemory and StackOverflow Exception counts:
OutOfMemoryError java_heap_errors=1
LinkageErrors=76

Heap address: 0x0000000700e00000, size: 4082 MB, Compressed Oops mode: Zero based, Oop shift amount: 3
Narrow klass base: 0x0000000800000000, Narrow klass shift: 3
Compressed class space size: 1073741824 Address: 0x0000000840000000

Heap:
 garbage-first heap   total 390144K, used 31109K [0x0000000700e00000, 0x0000000800000000)
  region size 1024K, 12 young (12288K), 12 survivors (12288K)
 Metaspace       used 60940K, capacity 62744K, committed 62756K, reserved 1116160K
  class space    used 8141K, capacity 8832K, committed 8832K, reserved 1048576K
Heap Regions: E=young(eden), S=young(survivor), O=old, HS=humongous(starts), HC=humongous(continues), CS=collection set, F=free, A=archive, TAMS=top-at-mark-start (previous, next)
|   0|0x0000000700e00000, 0x0000000700f00000, 0x0000000700f00000|100%|HS|  |TAMS 0x0000000700f00000, 0x0000000700f00000| Complete 
|   1|0x0000000700f00000, 0x0000000701000000, 0x0000000701000000|100%| O|  |TAMS 0x0000000701000000, 0x0000000701000000| Untracked 
|   2|0x0000000701000000, 0x0000000701100000, 0x0000000701100000|100%| O|  |TAMS 0x0000000701100000, 0x0000000701100000| Untracked 
|   3|0x0000000701100000, 0x0000000701200000, 0x0000000701200000|100%| O|  |TAMS 0x0000000701200000, 0x0000000701200000| Untracked 
|   4|0x0000000701200000, 0x0000000701300000, 0x0000000701300000|100%| O|  |TAMS 0x0000000701300000, 0x0000000701300000| Untracked 
|   5|0x0000000701300000, 0x0000000701400000, 0x0000000701400000|100%| O|  |TAMS 0x0000000701400000, 0x0000000701400000| Untracked 
|   6|0x0000000701400000, 0x0000000701500000, 0x0000000701500000|100%| O|  |TAMS 0x0000000701500000, 0x0000000701500000| Untracked 
|   7|0x0000000701500000, 0x0000000701600000, 0x0000000701600000|100%| O|  |TAMS 0x0000000701600000, 0x0000000701600000| Untracked 
|   8|0x0000000701600000, 0x0000000701700000, 0x0000000701700000|100%| O|  |TAMS 0x0000000701700000, 0x0000000701700000| Untracked 
|   9|0x0000000701700000, 0x0000000701800000, 0x0000000701800000|100%| O|  |TAMS 0x0000000701800000, 0x0000000701800000| Untracked 
|  10|0x0000000701800000, 0x0000000701900000, 0x0000000701900000|100%| O|  |TAMS 0x0000000701900000, 0x0000000701900000| Untracked 
|  11|0x0000000701900000, 0x0000000701a00000, 0x0000000701a00000|100%| O|  |TAMS 0x0000000701929600, 0x0000000701a00000| Untracked 
|  12|0x0000000701a00000, 0x0000000701b00000, 0x0000000701b00000|100%| O|  |TAMS 0x0000000701a00000, 0x0000000701b00000| Untracked 
|  13|0x0000000701b00000, 0x0000000701c00000, 0x0000000701c00000|100%| O|  |TAMS 0x0000000701b00000, 0x0000000701c00000| Untracked 
|  14|0x0000000701c00000, 0x0000000701d00000, 0x0000000701d00000|100%| O|  |TAMS 0x0000000701c00000, 0x0000000701d00000| Untracked 
|  15|0x0000000701d00000, 0x0000000701e00000, 0x0000000701e00000|100%| O|  |TAMS 0x0000000701d00000, 0x0000000701e00000| Untracked 
|  16|0x0000000701e00000, 0x0000000701f00000, 0x0000000701f00000|100%| O|  |TAMS 0x0000000701e00000, 0x0000000701f00000| Untracked 
|  17|0x0000000701f00000, 0x0000000702000000, 0x0000000702000000|100%| O|  |TAMS 0x0000000701f00000, 0x0000000702000000| Untracked 
|  18|0x0000000702000000, 0x0000000702061400, 0x0000000702100000| 37%| O|  |TAMS 0x0000000702000000, 0x0000000702061400| Untracked 
|  19|0x0000000702100000, 0x0000000702100000, 0x0000000702200000|  0%| F|  |TAMS 0x0000000702100000, 0x0000000702100000| Untracked 
|  20|0x0000000702200000, 0x0000000702200000, 0x0000000702300000|  0%| F|  |TAMS 0x0000000702200000, 0x0000000702200000| Untracked 
|  21|0x0000000702300000, 0x0000000702300000, 0x0000000702400000|  0%| F|  |TAMS 0x0000000702300000, 0x0000000702300000| Untracked 
|  22|0x0000000702400000, 0x0000000702400000, 0x0000000702500000|  0%| F|  |TAMS 0x0000000702400000, 0x0000000702400000| Untracked 
|  23|0x0000000702500000, 0x0000000702500000, 0x0000000702600000|  0%| F|  |TAMS 0x0000000702500000, 0x0000000702500000| Untracked 
|  24|0x0000000702600000, 0x0000000702600000, 0x0000000702700000|  0%| F|  |TAMS 0x0000000702600000, 0x0000000702600000| Untracked 
|  25|0x0000000702700000, 0x0000000702700000, 0x0000000702800000|  0%| F|  |TAMS 0x0000000702700000, 0x0000000702700000| Untracked 
|  26|0x0000000702800000, 0x0000000702800000, 0x0000000702900000|  0%| F|  |TAMS 0x0000000702800000, 0x0000000702800000| Untracked 
|  27|0x0000000702900000, 0x0000000702900000, 0x0000000702a00000|  0%| F|  |TAMS 0x0000000702900000, 0x0000000702900000| Untracked 
|  28|0x0000000702a00000, 0x0000000702a00000, 0x0000000702b00000|  0%| F|  |TAMS 0x0000000702a00000, 0x0000000702a00000| Untracked 
|  29|0x0000000702b00000, 0x0000000702b00000, 0x0000000702c00000|  0%| F|  |TAMS 0x0000000702b00000, 0x0000000702b00000| Untracked 
|  30|0x0000000702c00000, 0x0000000702c00000, 0x0000000702d00000|  0%| F|  |TAMS 0x0000000702c00000, 0x0000000702c00000| Untracked 
|  31|0x0000000702d00000, 0x0000000702d00000, 0x0000000702e00000|  0%| F|  |TAMS 0x0000000702d00000, 0x0000000702d00000| Untracked 
|  32|0x0000000702e00000, 0x0000000702e00000, 0x0000000702f00000|  0%| F|  |TAMS 0x0000000702e00000, 0x0000000702e00000| Untracked 
|  33|0x0000000702f00000, 0x0000000702f00000, 0x0000000703000000|  0%| F|  |TAMS 0x0000000702f00000, 0x0000000702f00000| Untracked 
|  34|0x0000000703000000, 0x0000000703000000, 0x0000000703100000|  0%| F|  |TAMS 0x0000000703000000, 0x0000000703000000| Untracked 
|  35|0x0000000703100000, 0x0000000703100000, 0x0000000703200000|  0%| F|  |TAMS 0x0000000703100000, 0x0000000703100000| Untracked 
|  36|0x0000000703200000, 0x0000000703200000, 0x0000000703300000|  0%| F|  |TAMS 0x0000000703200000, 0x0000000703200000| Untracked 
|  37|0x0000000703300000, 0x0000000703300000, 0x0000000703400000|  0%| F|  |TAMS 0x0000000703300000, 0x0000000703300000| Untracked 
|  38|0x0000000703400000, 0x0000000703400000, 0x0000000703500000|  0%| F|  |TAMS 0x0000000703400000, 0x0000000703400000| Untracked 
|  39|0x0000000703500000, 0x0000000703500000, 0x0000000703600000|  0%| F|  |TAMS 0x0000000703500000, 0x0000000703500000| Untracked 
|  40|0x0000000703600000, 0x0000000703600000, 0x0000000703700000|  0%| F|  |TAMS 0x0000000703600000, 0x0000000703600000| Untracked 
|  41|0x0000000703700000, 0x0000000703700000, 0x0000000703800000|  0%| F|  |TAMS 0x0000000703700000, 0x0000000703700000| Untracked 
|  42|0x0000000703800000, 0x0000000703800000, 0x0000000703900000|  0%| F|  |TAMS 0x0000000703800000, 0x0000000703800000| Untracked 
|  43|0x0000000703900000, 0x0000000703900000, 0x0000000703a00000|  0%| F|  |TAMS 0x0000000703900000, 0x0000000703900000| Untracked 
|  44|0x0000000703a00000, 0x0000000703a00000, 0x0000000703b00000|  0%| F|  |TAMS 0x0000000703a00000, 0x0000000703a00000| Untracked 
|  45|0x0000000703b00000, 0x0000000703b00000, 0x0000000703c00000|  0%| F|  |TAMS 0x0000000703b00000, 0x0000000703b00000| Untracked 
|  46|0x0000000703c00000, 0x0000000703c00000, 0x0000000703d00000|  0%| F|  |TAMS 0x0000000703c00000, 0x0000000703c00000| Untracked 
|  47|0x0000000703d00000, 0x0000000703d00000, 0x0000000703e00000|  0%| F|  |TAMS 0x0000000703d00000, 0x0000000703d00000| Untracked 
|  48|0x0000000703e00000, 0x0000000703e00000, 0x0000000703f00000|  0%| F|  |TAMS 0x0000000703e00000, 0x0000000703e00000| Untracked 
|  49|0x0000000703f00000, 0x0000000703f00000, 0x0000000704000000|  0%| F|  |TAMS 0x0000000703f00000, 0x0000000703f00000| Untracked 
|  50|0x0000000704000000, 0x0000000704000000, 0x0000000704100000|  0%| F|  |TAMS 0x0000000704000000, 0x0000000704000000| Untracked 
|  51|0x0000000704100000, 0x0000000704100000, 0x0000000704200000|  0%| F|  |TAMS 0x0000000704100000, 0x0000000704100000| Untracked 
|  52|0x0000000704200000, 0x0000000704200000, 0x0000000704300000|  0%| F|  |TAMS 0x0000000704200000, 0x0000000704200000| Untracked 
|  53|0x0000000704300000, 0x0000000704300000, 0x0000000704400000|  0%| F|  |TAMS 0x0000000704300000, 0x0000000704300000| Untracked 
|  54|0x0000000704400000, 0x0000000704400000, 0x0000000704500000|  0%| F|  |TAMS 0x0000000704400000, 0x0000000704400000| Untracked 
|  55|0x0000000704500000, 0x0000000704500000, 0x0000000704600000|  0%| F|  |TAMS 0x0000000704500000, 0x0000000704500000| Untracked 
|  56|0x0000000704600000, 0x0000000704600000, 0x0000000704700000|  0%| F|  |TAMS 0x0000000704600000, 0x0000000704600000| Untracked 
|  57|0x0000000704700000, 0x0000000704700000, 0x0000000704800000|  0%| F|  |TAMS 0x0000000704700000, 0x0000000704700000| Untracked 
|  58|0x0000000704800000, 0x0000000704800000, 0x0000000704900000|  0%| F|  |TAMS 0x0000000704800000, 0x0000000704800000| Untracked 
|  59|0x0000000704900000, 0x0000000704900000, 0x0000000704a00000|  0%| F|  |TAMS 0x0000000704900000, 0x0000000704900000| Untracked 
|  60|0x0000000704a00000, 0x0000000704a00000, 0x0000000704b00000|  0%| F|  |TAMS 0x0000000704a00000, 0x0000000704a00000| Untracked 
|  61|0x0000000704b00000, 0x0000000704b00000, 0x0000000704c00000|  0%| F|  |TAMS 0x0000000704b00000, 0x0000000704b00000| Untracked 
|  62|0x0000000704c00000, 0x0000000704c00000, 0x0000000704d00000|  0%| F|  |TAMS 0x0000000704c00000, 0x0000000704c00000| Untracked 
|  63|0x0000000704d00000, 0x0000000704d00000, 0x0000000704e00000|  0%| F|  |TAMS 0x0000000704d00000, 0x0000000704d00000| Untracked 
|  64|0x0000000704e00000, 0x0000000704e00000, 0x0000000704f00000|  0%| F|  |TAMS 0x0000000704e00000, 0x0000000704e00000| Untracked 
|  65|0x0000000704f00000, 0x0000000704f00000, 0x0000000705000000|  0%| F|  |TAMS 0x0000000704f00000, 0x0000000704f00000| Untracked 
|  66|0x0000000705000000, 0x0000000705000000, 0x0000000705100000|  0%| F|  |TAMS 0x0000000705000000, 0x0000000705000000| Untracked 
|  67|0x0000000705100000, 0x0000000705100000, 0x0000000705200000|  0%| F|  |TAMS 0x0000000705100000, 0x0000000705100000| Untracked 
|  68|0x0000000705200000, 0x0000000705200000, 0x0000000705300000|  0%| F|  |TAMS 0x0000000705200000, 0x0000000705200000| Untracked 
|  69|0x0000000705300000, 0x0000000705300000, 0x0000000705400000|  0%| F|  |TAMS 0x0000000705300000, 0x0000000705300000| Untracked 
|  70|0x0000000705400000, 0x0000000705400000, 0x0000000705500000|  0%| F|  |TAMS 0x0000000705400000, 0x0000000705400000| Untracked 
|  71|0x0000000705500000, 0x0000000705500000, 0x0000000705600000|  0%| F|  |TAMS 0x0000000705500000, 0x0000000705500000| Untracked 
|  72|0x0000000705600000, 0x0000000705600000, 0x0000000705700000|  0%| F|  |TAMS 0x0000000705600000, 0x0000000705600000| Untracked 
|  73|0x0000000705700000, 0x0000000705700000, 0x0000000705800000|  0%| F|  |TAMS 0x0000000705700000, 0x0000000705700000| Untracked 
|  74|0x0000000705800000, 0x0000000705800000, 0x0000000705900000|  0%| F|  |TAMS 0x0000000705800000, 0x0000000705800000| Untracked 
|  75|0x0000000705900000, 0x0000000705900000, 0x0000000705a00000|  0%| F|  |TAMS 0x0000000705900000, 0x0000000705900000| Untracked 
|  76|0x0000000705a00000, 0x0000000705a00000, 0x0000000705b00000|  0%| F|  |TAMS 0x0000000705a00000, 0x0000000705a00000| Untracked 
|  77|0x0000000705b00000, 0x0000000705b00000, 0x0000000705c00000|  0%| F|  |TAMS 0x0000000705b00000, 0x0000000705b00000| Untracked 
|  78|0x0000000705c00000, 0x0000000705c00000, 0x0000000705d00000|  0%| F|  |TAMS 0x0000000705c00000, 0x0000000705c00000| Untracked 
|  79|0x0000000705d00000, 0x0000000705d00000, 0x0000000705e00000|  0%| F|  |TAMS 0x0000000705d00000, 0x0000000705d00000| Untracked 
|  80|0x0000000705e00000, 0x0000000705e00000, 0x0000000705f00000|  0%| F|  |TAMS 0x0000000705e00000, 0x0000000705e00000| Untracked 
|  81|0x0000000705f00000, 0x0000000705f00000, 0x0000000706000000|  0%| F|  |TAMS 0x0000000705f00000, 0x0000000705f00000| Untracked 
|  82|0x0000000706000000, 0x0000000706000000, 0x0000000706100000|  0%| F|  |TAMS 0x0000000706000000, 0x0000000706000000| Untracked 
|  83|0x0000000706100000, 0x0000000706100000, 0x0000000706200000|  0%| F|  |TAMS 0x0000000706100000, 0x0000000706100000| Untracked 
|  84|0x0000000706200000, 0x0000000706200000, 0x0000000706300000|  0%| F|  |TAMS 0x0000000706200000, 0x0000000706200000| Untracked 
|  85|0x0000000706300000, 0x0000000706300000, 0x0000000706400000|  0%| F|  |TAMS 0x0000000706300000, 0x0000000706300000| Untracked 
|  86|0x0000000706400000, 0x0000000706400000, 0x0000000706500000|  0%| F|  |TAMS 0x0000000706400000, 0x0000000706400000| Untracked 
|  87|0x0000000706500000, 0x0000000706500000, 0x0000000706600000|  0%| F|  |TAMS 0x0000000706500000, 0x0000000706500000| Untracked 
|  88|0x0000000706600000, 0x0000000706600000, 0x0000000706700000|  0%| F|  |TAMS 0x0000000706600000, 0x0000000706600000| Untracked 
|  89|0x0000000706700000, 0x0000000706700000, 0x0000000706800000|  0%| F|  |TAMS 0x0000000706700000, 0x0000000706700000| Untracked 
|  90|0x0000000706800000, 0x0000000706800000, 0x0000000706900000|  0%| F|  |TAMS 0x0000000706800000, 0x0000000706800000| Untracked 
|  91|0x0000000706900000, 0x0000000706900000, 0x0000000706a00000|  0%| F|  |TAMS 0x0000000706900000, 0x0000000706900000| Untracked 
|  92|0x0000000706a00000, 0x0000000706a00000, 0x0000000706b00000|  0%| F|  |TAMS 0x0000000706a00000, 0x0000000706a00000| Untracked 
|  93|0x0000000706b00000, 0x0000000706b00000, 0x0000000706c00000|  0%| F|  |TAMS 0x0000000706b00000, 0x0000000706b00000| Untracked 
|  94|0x0000000706c00000, 0x0000000706c00000, 0x0000000706d00000|  0%| F|  |TAMS 0x0000000706c00000, 0x0000000706c00000| Untracked 
|  95|0x0000000706d00000, 0x0000000706d00000, 0x0000000706e00000|  0%| F|  |TAMS 0x0000000706d00000, 0x0000000706d00000| Untracked 
|  96|0x0000000706e00000, 0x0000000706e00000, 0x0000000706f00000|  0%| F|  |TAMS 0x0000000706e00000, 0x0000000706e00000| Untracked 
|  97|0x0000000706f00000, 0x0000000706f00000, 0x0000000707000000|  0%| F|  |TAMS 0x0000000706f00000, 0x0000000706f00000| Untracked 
|  98|0x0000000707000000, 0x0000000707000000, 0x0000000707100000|  0%| F|  |TAMS 0x0000000707000000, 0x0000000707000000| Untracked 
|  99|0x0000000707100000, 0x0000000707100000, 0x0000000707200000|  0%| F|  |TAMS 0x0000000707100000, 0x0000000707100000| Untracked 
| 100|0x0000000707200000, 0x0000000707200000, 0x0000000707300000|  0%| F|  |TAMS 0x0000000707200000, 0x0000000707200000| Untracked 
| 101|0x0000000707300000, 0x0000000707300000, 0x0000000707400000|  0%| F|  |TAMS 0x0000000707300000, 0x0000000707300000| Untracked 
| 102|0x0000000707400000, 0x0000000707400000, 0x0000000707500000|  0%| F|  |TAMS 0x0000000707400000, 0x0000000707400000| Untracked 
| 103|0x0000000707500000, 0x0000000707500000, 0x0000000707600000|  0%| F|  |TAMS 0x0000000707500000, 0x0000000707500000| Untracked 
| 104|0x0000000707600000, 0x0000000707600000, 0x0000000707700000|  0%| F|  |TAMS 0x0000000707600000, 0x0000000707600000| Untracked 
| 105|0x0000000707700000, 0x0000000707700000, 0x0000000707800000|  0%| F|  |TAMS 0x0000000707700000, 0x0000000707700000| Untracked 
| 106|0x0000000707800000, 0x0000000707800000, 0x0000000707900000|  0%| F|  |TAMS 0x0000000707800000, 0x0000000707800000| Untracked 
| 107|0x0000000707900000, 0x0000000707900000, 0x0000000707a00000|  0%| F|  |TAMS 0x0000000707900000, 0x0000000707900000| Untracked 
| 108|0x0000000707a00000, 0x0000000707a00000, 0x0000000707b00000|  0%| F|  |TAMS 0x0000000707a00000, 0x0000000707a00000| Untracked 
| 109|0x0000000707b00000, 0x0000000707b00000, 0x0000000707c00000|  0%| F|  |TAMS 0x0000000707b00000, 0x0000000707b00000| Untracked 
| 110|0x0000000707c00000, 0x0000000707c00000, 0x0000000707d00000|  0%| F|  |TAMS 0x0000000707c00000, 0x0000000707c00000| Untracked 
| 111|0x0000000707d00000, 0x0000000707d00000, 0x0000000707e00000|  0%| F|  |TAMS 0x0000000707d00000, 0x0000000707d00000| Untracked 
| 112|0x0000000707e00000, 0x0000000707e00000, 0x0000000707f00000|  0%| F|  |TAMS 0x0000000707e00000, 0x0000000707e00000| Untracked 
| 113|0x0000000707f00000, 0x0000000707f00000, 0x0000000708000000|  0%| F|  |TAMS 0x0000000707f00000, 0x0000000707f00000| Untracked 
| 114|0x0000000708000000, 0x0000000708000000, 0x0000000708100000|  0%| F|  |TAMS 0x0000000708000000, 0x0000000708000000| Untracked 
| 115|0x0000000708100000, 0x0000000708100000, 0x0000000708200000|  0%| F|  |TAMS 0x0000000708100000, 0x0000000708100000| Untracked 
| 116|0x0000000708200000, 0x0000000708200000, 0x0000000708300000|  0%| F|  |TAMS 0x0000000708200000, 0x0000000708200000| Untracked 
| 117|0x0000000708300000, 0x0000000708300000, 0x0000000708400000|  0%| F|  |TAMS 0x0000000708300000, 0x0000000708300000| Untracked 
| 118|0x0000000708400000, 0x0000000708400000, 0x0000000708500000|  0%| F|  |TAMS 0x0000000708400000, 0x0000000708400000| Untracked 
| 119|0x0000000708500000, 0x0000000708500000, 0x0000000708600000|  0%| F|  |TAMS 0x0000000708500000, 0x0000000708500000| Untracked 
| 120|0x0000000708600000, 0x0000000708600000, 0x0000000708700000|  0%| F|  |TAMS 0x0000000708600000, 0x0000000708600000| Untracked 
| 121|0x0000000708700000, 0x0000000708700000, 0x0000000708800000|  0%| F|  |TAMS 0x0000000708700000, 0x0000000708700000| Untracked 
| 122|0x0000000708800000, 0x0000000708800000, 0x0000000708900000|  0%| F|  |TAMS 0x0000000708800000, 0x0000000708800000| Untracked 
| 123|0x0000000708900000, 0x0000000708900000, 0x0000000708a00000|  0%| F|  |TAMS 0x0000000708900000, 0x0000000708900000| Untracked 
| 124|0x0000000708a00000, 0x0000000708a00000, 0x0000000708b00000|  0%| F|  |TAMS 0x0000000708a00000, 0x0000000708a00000| Untracked 
| 125|0x0000000708b00000, 0x0000000708b00000, 0x0000000708c00000|  0%| F|  |TAMS 0x0000000708b00000, 0x0000000708b00000| Untracked 
| 126|0x0000000708c00000, 0x0000000708c00000, 0x0000000708d00000|  0%| F|  |TAMS 0x0000000708c00000, 0x0000000708c00000| Untracked 
| 127|0x0000000708d00000, 0x0000000708d00000, 0x0000000708e00000|  0%| F|  |TAMS 0x0000000708d00000, 0x0000000708d00000| Untracked 
| 128|0x0000000708e00000, 0x0000000708e00000, 0x0000000708f00000|  0%| F|  |TAMS 0x0000000708e00000, 0x0000000708e00000| Untracked 
| 129|0x0000000708f00000, 0x0000000708f00000, 0x0000000709000000|  0%| F|  |TAMS 0x0000000708f00000, 0x0000000708f00000| Untracked 
| 130|0x0000000709000000, 0x0000000709000000, 0x0000000709100000|  0%| F|  |TAMS 0x0000000709000000, 0x0000000709000000| Untracked 
| 131|0x0000000709100000, 0x0000000709100000, 0x0000000709200000|  0%| F|  |TAMS 0x0000000709100000, 0x0000000709100000| Untracked 
| 132|0x0000000709200000, 0x0000000709200000, 0x0000000709300000|  0%| F|  |TAMS 0x0000000709200000, 0x0000000709200000| Untracked 
| 133|0x0000000709300000, 0x0000000709300000, 0x0000000709400000|  0%| F|  |TAMS 0x0000000709300000, 0x0000000709300000| Untracked 
| 134|0x0000000709400000, 0x0000000709400000, 0x0000000709500000|  0%| F|  |TAMS 0x0000000709400000, 0x0000000709400000| Untracked 
| 135|0x0000000709500000, 0x0000000709500000, 0x0000000709600000|  0%| F|  |TAMS 0x0000000709500000, 0x0000000709500000| Untracked 
| 136|0x0000000709600000, 0x0000000709600000, 0x0000000709700000|  0%| F|  |TAMS 0x0000000709600000, 0x0000000709600000| Untracked 
| 137|0x0000000709700000, 0x0000000709700000, 0x0000000709800000|  0%| F|  |TAMS 0x0000000709700000, 0x0000000709700000| Untracked 
| 138|0x0000000709800000, 0x0000000709800000, 0x0000000709900000|  0%| F|  |TAMS 0x0000000709800000, 0x0000000709800000| Untracked 
| 139|0x0000000709900000, 0x0000000709900000, 0x0000000709a00000|  0%| F|  |TAMS 0x0000000709900000, 0x0000000709900000| Untracked 
| 140|0x0000000709a00000, 0x0000000709a00000, 0x0000000709b00000|  0%| F|  |TAMS 0x0000000709a00000, 0x0000000709a00000| Untracked 
| 141|0x0000000709b00000, 0x0000000709b00000, 0x0000000709c00000|  0%| F|  |TAMS 0x0000000709b00000, 0x0000000709b00000| Untracked 
| 142|0x0000000709c00000, 0x0000000709c00000, 0x0000000709d00000|  0%| F|  |TAMS 0x0000000709c00000, 0x0000000709c00000| Untracked 
| 143|0x0000000709d00000, 0x0000000709d00000, 0x0000000709e00000|  0%| F|  |TAMS 0x0000000709d00000, 0x0000000709d00000| Untracked 
| 144|0x0000000709e00000, 0x0000000709e00000, 0x0000000709f00000|  0%| F|  |TAMS 0x0000000709e00000, 0x0000000709e00000| Untracked 
| 145|0x0000000709f00000, 0x0000000709f00000, 0x000000070a000000|  0%| F|  |TAMS 0x0000000709f00000, 0x0000000709f00000| Untracked 
| 146|0x000000070a000000, 0x000000070a000000, 0x000000070a100000|  0%| F|  |TAMS 0x000000070a000000, 0x000000070a000000| Untracked 
| 147|0x000000070a100000, 0x000000070a100000, 0x000000070a200000|  0%| F|  |TAMS 0x000000070a100000, 0x000000070a100000| Untracked 
| 148|0x000000070a200000, 0x000000070a200000, 0x000000070a300000|  0%| F|  |TAMS 0x000000070a200000, 0x000000070a200000| Untracked 
| 149|0x000000070a300000, 0x000000070a300000, 0x000000070a400000|  0%| F|  |TAMS 0x000000070a300000, 0x000000070a300000| Untracked 
| 150|0x000000070a400000, 0x000000070a400000, 0x000000070a500000|  0%| F|  |TAMS 0x000000070a400000, 0x000000070a400000| Untracked 
| 151|0x000000070a500000, 0x000000070a500000, 0x000000070a600000|  0%| F|  |TAMS 0x000000070a500000, 0x000000070a500000| Untracked 
| 152|0x000000070a600000, 0x000000070a600000, 0x000000070a700000|  0%| F|  |TAMS 0x000000070a600000, 0x000000070a600000| Untracked 
| 153|0x000000070a700000, 0x000000070a700000, 0x000000070a800000|  0%| F|  |TAMS 0x000000070a700000, 0x000000070a700000| Untracked 
| 154|0x000000070a800000, 0x000000070a800000, 0x000000070a900000|  0%| F|  |TAMS 0x000000070a800000, 0x000000070a800000| Untracked 
| 155|0x000000070a900000, 0x000000070a900000, 0x000000070aa00000|  0%| F|  |TAMS 0x000000070a900000, 0x000000070a900000| Untracked 
| 156|0x000000070aa00000, 0x000000070aa00000, 0x000000070ab00000|  0%| F|  |TAMS 0x000000070aa00000, 0x000000070aa00000| Untracked 
| 157|0x000000070ab00000, 0x000000070ab00000, 0x000000070ac00000|  0%| F|  |TAMS 0x000000070ab00000, 0x000000070ab00000| Untracked 
| 158|0x000000070ac00000, 0x000000070ac00000, 0x000000070ad00000|  0%| F|  |TAMS 0x000000070ac00000, 0x000000070ac00000| Untracked 
| 159|0x000000070ad00000, 0x000000070ad00000, 0x000000070ae00000|  0%| F|  |TAMS 0x000000070ad00000, 0x000000070ad00000| Untracked 
| 160|0x000000070ae00000, 0x000000070ae00000, 0x000000070af00000|  0%| F|  |TAMS 0x000000070ae00000, 0x000000070ae00000| Untracked 
| 161|0x000000070af00000, 0x000000070af00000, 0x000000070b000000|  0%| F|  |TAMS 0x000000070af00000, 0x000000070af00000| Untracked 
| 162|0x000000070b000000, 0x000000070b000000, 0x000000070b100000|  0%| F|  |TAMS 0x000000070b000000, 0x000000070b000000| Untracked 
| 163|0x000000070b100000, 0x000000070b100000, 0x000000070b200000|  0%| F|  |TAMS 0x000000070b100000, 0x000000070b100000| Untracked 
| 164|0x000000070b200000, 0x000000070b200000, 0x000000070b300000|  0%| F|  |TAMS 0x000000070b200000, 0x000000070b200000| Untracked 
| 165|0x000000070b300000, 0x000000070b300000, 0x000000070b400000|  0%| F|  |TAMS 0x000000070b300000, 0x000000070b300000| Untracked 
| 166|0x000000070b400000, 0x000000070b400000, 0x000000070b500000|  0%| F|  |TAMS 0x000000070b400000, 0x000000070b400000| Untracked 
| 167|0x000000070b500000, 0x000000070b500000, 0x000000070b600000|  0%| F|  |TAMS 0x000000070b500000, 0x000000070b500000| Untracked 
| 168|0x000000070b600000, 0x000000070b600000, 0x000000070b700000|  0%| F|  |TAMS 0x000000070b600000, 0x000000070b600000| Untracked 
| 169|0x000000070b700000, 0x000000070b700000, 0x000000070b800000|  0%| F|  |TAMS 0x000000070b700000, 0x000000070b700000| Untracked 
| 170|0x000000070b800000, 0x000000070b800000, 0x000000070b900000|  0%| F|  |TAMS 0x000000070b800000, 0x000000070b800000| Untracked 
| 171|0x000000070b900000, 0x000000070b900000, 0x000000070ba00000|  0%| F|  |TAMS 0x000000070b900000, 0x000000070b900000| Untracked 
| 172|0x000000070ba00000, 0x000000070ba00000, 0x000000070bb00000|  0%| F|  |TAMS 0x000000070ba00000, 0x000000070ba00000| Untracked 
| 173|0x000000070bb00000, 0x000000070bb00000, 0x000000070bc00000|  0%| F|  |TAMS 0x000000070bb00000, 0x000000070bb00000| Untracked 
| 174|0x000000070bc00000, 0x000000070bc00000, 0x000000070bd00000|  0%| F|  |TAMS 0x000000070bc00000, 0x000000070bc00000| Untracked 
| 175|0x000000070bd00000, 0x000000070bd00000, 0x000000070be00000|  0%| F|  |TAMS 0x000000070bd00000, 0x000000070bd00000| Untracked 
| 176|0x000000070be00000, 0x000000070be00000, 0x000000070bf00000|  0%| F|  |TAMS 0x000000070be00000, 0x000000070be00000| Untracked 
| 177|0x000000070bf00000, 0x000000070bf00000, 0x000000070c000000|  0%| F|  |TAMS 0x000000070bf00000, 0x000000070bf00000| Untracked 
| 178|0x000000070c000000, 0x000000070c000000, 0x000000070c100000|  0%| F|  |TAMS 0x000000070c000000, 0x000000070c000000| Untracked 
| 179|0x000000070c100000, 0x000000070c100000, 0x000000070c200000|  0%| F|  |TAMS 0x000000070c100000, 0x000000070c100000| Untracked 
| 180|0x000000070c200000, 0x000000070c200000, 0x000000070c300000|  0%| F|  |TAMS 0x000000070c200000, 0x000000070c200000| Untracked 
| 181|0x000000070c300000, 0x000000070c300000, 0x000000070c400000|  0%| F|  |TAMS 0x000000070c300000, 0x000000070c300000| Untracked 
| 182|0x000000070c400000, 0x000000070c400000, 0x000000070c500000|  0%| F|  |TAMS 0x000000070c400000, 0x000000070c400000| Untracked 
| 183|0x000000070c500000, 0x000000070c500000, 0x000000070c600000|  0%| F|  |TAMS 0x000000070c500000, 0x000000070c500000| Untracked 
| 184|0x000000070c600000, 0x000000070c600000, 0x000000070c700000|  0%| F|  |TAMS 0x000000070c600000, 0x000000070c600000| Untracked 
| 185|0x000000070c700000, 0x000000070c700000, 0x000000070c800000|  0%| F|  |TAMS 0x000000070c700000, 0x000000070c700000| Untracked 
| 186|0x000000070c800000, 0x000000070c800000, 0x000000070c900000|  0%| F|  |TAMS 0x000000070c800000, 0x000000070c800000| Untracked 
| 187|0x000000070c900000, 0x000000070c900000, 0x000000070ca00000|  0%| F|  |TAMS 0x000000070c900000, 0x000000070c900000| Untracked 
| 188|0x000000070ca00000, 0x000000070ca00000, 0x000000070cb00000|  0%| F|  |TAMS 0x000000070ca00000, 0x000000070ca00000| Untracked 
| 189|0x000000070cb00000, 0x000000070cb00000, 0x000000070cc00000|  0%| F|  |TAMS 0x000000070cb00000, 0x000000070cb00000| Untracked 
| 190|0x000000070cc00000, 0x000000070cc00000, 0x000000070cd00000|  0%| F|  |TAMS 0x000000070cc00000, 0x000000070cc00000| Untracked 
| 191|0x000000070cd00000, 0x000000070cd00000, 0x000000070ce00000|  0%| F|  |TAMS 0x000000070cd00000, 0x000000070cd00000| Untracked 
| 192|0x000000070ce00000, 0x000000070ce00000, 0x000000070cf00000|  0%| F|  |TAMS 0x000000070ce00000, 0x000000070ce00000| Untracked 
| 193|0x000000070cf00000, 0x000000070cf00000, 0x000000070d000000|  0%| F|  |TAMS 0x000000070cf00000, 0x000000070cf00000| Untracked 
| 194|0x000000070d000000, 0x000000070d000000, 0x000000070d100000|  0%| F|  |TAMS 0x000000070d000000, 0x000000070d000000| Untracked 
| 195|0x000000070d100000, 0x000000070d100000, 0x000000070d200000|  0%| F|  |TAMS 0x000000070d100000, 0x000000070d100000| Untracked 
| 196|0x000000070d200000, 0x000000070d200000, 0x000000070d300000|  0%| F|  |TAMS 0x000000070d200000, 0x000000070d200000| Untracked 
| 197|0x000000070d300000, 0x000000070d300000, 0x000000070d400000|  0%| F|  |TAMS 0x000000070d300000, 0x000000070d300000| Untracked 
| 198|0x000000070d400000, 0x000000070d400000, 0x000000070d500000|  0%| F|  |TAMS 0x000000070d400000, 0x000000070d400000| Untracked 
| 199|0x000000070d500000, 0x000000070d500000, 0x000000070d600000|  0%| F|  |TAMS 0x000000070d500000, 0x000000070d500000| Untracked 
| 200|0x000000070d600000, 0x000000070d600000, 0x000000070d700000|  0%| F|  |TAMS 0x000000070d600000, 0x000000070d600000| Untracked 
| 201|0x000000070d700000, 0x000000070d700000, 0x000000070d800000|  0%| F|  |TAMS 0x000000070d700000, 0x000000070d700000| Untracked 
| 202|0x000000070d800000, 0x000000070d800000, 0x000000070d900000|  0%| F|  |TAMS 0x000000070d800000, 0x000000070d800000| Untracked 
| 203|0x000000070d900000, 0x000000070d900000, 0x000000070da00000|  0%| F|  |TAMS 0x000000070d900000, 0x000000070d900000| Untracked 
| 204|0x000000070da00000, 0x000000070da00000, 0x000000070db00000|  0%| F|  |TAMS 0x000000070da00000, 0x000000070da00000| Untracked 
| 205|0x000000070db00000, 0x000000070db00000, 0x000000070dc00000|  0%| F|  |TAMS 0x000000070db00000, 0x000000070db00000| Untracked 
| 206|0x000000070dc00000, 0x000000070dc00000, 0x000000070dd00000|  0%| F|  |TAMS 0x000000070dc00000, 0x000000070dc00000| Untracked 
| 207|0x000000070dd00000, 0x000000070dd00000, 0x000000070de00000|  0%| F|  |TAMS 0x000000070dd00000, 0x000000070dd00000| Untracked 
| 208|0x000000070de00000, 0x000000070de00000, 0x000000070df00000|  0%| F|  |TAMS 0x000000070de00000, 0x000000070de00000| Untracked 
| 209|0x000000070df00000, 0x000000070df00000, 0x000000070e000000|  0%| F|  |TAMS 0x000000070df00000, 0x000000070df00000| Untracked 
| 210|0x000000070e000000, 0x000000070e000000, 0x000000070e100000|  0%| F|  |TAMS 0x000000070e000000, 0x000000070e000000| Untracked 
| 211|0x000000070e100000, 0x000000070e100000, 0x000000070e200000|  0%| F|  |TAMS 0x000000070e100000, 0x000000070e100000| Untracked 
| 212|0x000000070e200000, 0x000000070e200000, 0x000000070e300000|  0%| F|  |TAMS 0x000000070e200000, 0x000000070e200000| Untracked 
| 213|0x000000070e300000, 0x000000070e300000, 0x000000070e400000|  0%| F|  |TAMS 0x000000070e300000, 0x000000070e300000| Untracked 
| 214|0x000000070e400000, 0x000000070e400000, 0x000000070e500000|  0%| F|  |TAMS 0x000000070e400000, 0x000000070e400000| Untracked 
| 215|0x000000070e500000, 0x000000070e500000, 0x000000070e600000|  0%| F|  |TAMS 0x000000070e500000, 0x000000070e500000| Untracked 
| 216|0x000000070e600000, 0x000000070e600000, 0x000000070e700000|  0%| F|  |TAMS 0x000000070e600000, 0x000000070e600000| Untracked 
| 217|0x000000070e700000, 0x000000070e700000, 0x000000070e800000|  0%| F|  |TAMS 0x000000070e700000, 0x000000070e700000| Untracked 
| 218|0x000000070e800000, 0x000000070e800000, 0x000000070e900000|  0%| F|  |TAMS 0x000000070e800000, 0x000000070e800000| Untracked 
| 219|0x000000070e900000, 0x000000070e900000, 0x000000070ea00000|  0%| F|  |TAMS 0x000000070e900000, 0x000000070e900000| Untracked 
| 220|0x000000070ea00000, 0x000000070ea00000, 0x000000070eb00000|  0%| F|  |TAMS 0x000000070ea00000, 0x000000070ea00000| Untracked 
| 221|0x000000070eb00000, 0x000000070eb00000, 0x000000070ec00000|  0%| F|  |TAMS 0x000000070eb00000, 0x000000070eb00000| Untracked 
| 222|0x000000070ec00000, 0x000000070ec00000, 0x000000070ed00000|  0%| F|  |TAMS 0x000000070ec00000, 0x000000070ec00000| Untracked 
| 223|0x000000070ed00000, 0x000000070ed00000, 0x000000070ee00000|  0%| F|  |TAMS 0x000000070ed00000, 0x000000070ed00000| Untracked 
| 224|0x000000070ee00000, 0x000000070ee00000, 0x000000070ef00000|  0%| F|  |TAMS 0x000000070ee00000, 0x000000070ee00000| Untracked 
| 225|0x000000070ef00000, 0x000000070ef00000, 0x000000070f000000|  0%| F|  |TAMS 0x000000070ef00000, 0x000000070ef00000| Untracked 
| 226|0x000000070f000000, 0x000000070f000000, 0x000000070f100000|  0%| F|  |TAMS 0x000000070f000000, 0x000000070f000000| Untracked 
| 227|0x000000070f100000, 0x000000070f100000, 0x000000070f200000|  0%| F|  |TAMS 0x000000070f100000, 0x000000070f100000| Untracked 
| 228|0x000000070f200000, 0x000000070f200000, 0x000000070f300000|  0%| F|  |TAMS 0x000000070f200000, 0x000000070f200000| Untracked 
| 229|0x000000070f300000, 0x000000070f300000, 0x000000070f400000|  0%| F|  |TAMS 0x000000070f300000, 0x000000070f300000| Untracked 
| 230|0x000000070f400000, 0x000000070f400000, 0x000000070f500000|  0%| F|  |TAMS 0x000000070f400000, 0x000000070f400000| Untracked 
| 231|0x000000070f500000, 0x000000070f500000, 0x000000070f600000|  0%| F|  |TAMS 0x000000070f500000, 0x000000070f500000| Untracked 
| 232|0x000000070f600000, 0x000000070f600000, 0x000000070f700000|  0%| F|  |TAMS 0x000000070f600000, 0x000000070f600000| Untracked 
| 233|0x000000070f700000, 0x000000070f700000, 0x000000070f800000|  0%| F|  |TAMS 0x000000070f700000, 0x000000070f700000| Untracked 
| 234|0x000000070f800000, 0x000000070f800000, 0x000000070f900000|  0%| F|  |TAMS 0x000000070f800000, 0x000000070f800000| Untracked 
| 235|0x000000070f900000, 0x000000070f900000, 0x000000070fa00000|  0%| F|  |TAMS 0x000000070f900000, 0x000000070f900000| Untracked 
| 236|0x000000070fa00000, 0x000000070fa00000, 0x000000070fb00000|  0%| F|  |TAMS 0x000000070fa00000, 0x000000070fa00000| Untracked 
| 237|0x000000070fb00000, 0x000000070fb00000, 0x000000070fc00000|  0%| F|  |TAMS 0x000000070fb00000, 0x000000070fb00000| Untracked 
| 238|0x000000070fc00000, 0x000000070fc00000, 0x000000070fd00000|  0%| F|  |TAMS 0x000000070fc00000, 0x000000070fc00000| Untracked 
| 239|0x000000070fd00000, 0x000000070fd00000, 0x000000070fe00000|  0%| F|  |TAMS 0x000000070fd00000, 0x000000070fd00000| Untracked 
| 240|0x000000070fe00000, 0x000000070fe00000, 0x000000070ff00000|  0%| F|  |TAMS 0x000000070fe00000, 0x000000070fe00000| Untracked 
| 241|0x000000070ff00000, 0x000000070ff00000, 0x0000000710000000|  0%| F|  |TAMS 0x000000070ff00000, 0x000000070ff00000| Untracked 
| 242|0x0000000710000000, 0x0000000710000000, 0x0000000710100000|  0%| F|  |TAMS 0x0000000710000000, 0x0000000710000000| Untracked 
| 243|0x0000000710100000, 0x0000000710100000, 0x0000000710200000|  0%| F|  |TAMS 0x0000000710100000, 0x0000000710100000| Untracked 
| 244|0x0000000710200000, 0x0000000710200000, 0x0000000710300000|  0%| F|  |TAMS 0x0000000710200000, 0x0000000710200000| Untracked 
| 245|0x0000000710300000, 0x0000000710300000, 0x0000000710400000|  0%| F|  |TAMS 0x0000000710300000, 0x0000000710300000| Untracked 
| 246|0x0000000710400000, 0x0000000710400000, 0x0000000710500000|  0%| F|  |TAMS 0x0000000710400000, 0x0000000710400000| Untracked 
| 247|0x0000000710500000, 0x0000000710500000, 0x0000000710600000|  0%| F|  |TAMS 0x0000000710500000, 0x0000000710500000| Untracked 
| 248|0x0000000710600000, 0x0000000710600000, 0x0000000710700000|  0%| F|  |TAMS 0x0000000710600000, 0x0000000710600000| Untracked 
| 249|0x0000000710700000, 0x0000000710700000, 0x0000000710800000|  0%| F|  |TAMS 0x0000000710700000, 0x0000000710700000| Untracked 
| 250|0x0000000710800000, 0x0000000710800000, 0x0000000710900000|  0%| F|  |TAMS 0x0000000710800000, 0x0000000710800000| Untracked 
| 251|0x0000000710900000, 0x0000000710900000, 0x0000000710a00000|  0%| F|  |TAMS 0x0000000710900000, 0x0000000710900000| Untracked 
| 252|0x0000000710a00000, 0x0000000710a00000, 0x0000000710b00000|  0%| F|  |TAMS 0x0000000710a00000, 0x0000000710a00000| Untracked 
| 253|0x0000000710b00000, 0x0000000710b00000, 0x0000000710c00000|  0%| F|  |TAMS 0x0000000710b00000, 0x0000000710b00000| Untracked 
| 254|0x0000000710c00000, 0x0000000710c00000, 0x0000000710d00000|  0%| F|  |TAMS 0x0000000710c00000, 0x0000000710c00000| Untracked 
| 255|0x0000000710d00000, 0x0000000710d00000, 0x0000000710e00000|  0%| F|  |TAMS 0x0000000710d00000, 0x0000000710d00000| Untracked 
| 256|0x0000000710e00000, 0x0000000710e00000, 0x0000000710f00000|  0%| F|  |TAMS 0x0000000710e00000, 0x0000000710e00000| Untracked 
| 257|0x0000000710f00000, 0x0000000710f00000, 0x0000000711000000|  0%| F|  |TAMS 0x0000000710f00000, 0x0000000710f00000| Untracked 
| 258|0x0000000711000000, 0x0000000711000000, 0x0000000711100000|  0%| F|  |TAMS 0x0000000711000000, 0x0000000711000000| Untracked 
| 259|0x0000000711100000, 0x0000000711100000, 0x0000000711200000|  0%| F|  |TAMS 0x0000000711100000, 0x0000000711100000| Untracked 
| 260|0x0000000711200000, 0x0000000711200000, 0x0000000711300000|  0%| F|  |TAMS 0x0000000711200000, 0x0000000711200000| Untracked 
| 261|0x0000000711300000, 0x0000000711300000, 0x0000000711400000|  0%| F|  |TAMS 0x0000000711300000, 0x0000000711300000| Untracked 
| 262|0x0000000711400000, 0x0000000711400000, 0x0000000711500000|  0%| F|  |TAMS 0x0000000711400000, 0x0000000711400000| Untracked 
| 263|0x0000000711500000, 0x0000000711500000, 0x0000000711600000|  0%| F|  |TAMS 0x0000000711500000, 0x0000000711500000| Untracked 
| 264|0x0000000711600000, 0x0000000711600000, 0x0000000711700000|  0%| F|  |TAMS 0x0000000711600000, 0x0000000711600000| Untracked 
| 265|0x0000000711700000, 0x0000000711700000, 0x0000000711800000|  0%| F|  |TAMS 0x0000000711700000, 0x0000000711700000| Untracked 
| 266|0x0000000711800000, 0x0000000711800000, 0x0000000711900000|  0%| F|  |TAMS 0x0000000711800000, 0x0000000711800000| Untracked 
| 267|0x0000000711900000, 0x0000000711900000, 0x0000000711a00000|  0%| F|  |TAMS 0x0000000711900000, 0x0000000711900000| Untracked 
| 268|0x0000000711a00000, 0x0000000711a00000, 0x0000000711b00000|  0%| F|  |TAMS 0x0000000711a00000, 0x0000000711a00000| Untracked 
| 269|0x0000000711b00000, 0x0000000711b00000, 0x0000000711c00000|  0%| F|  |TAMS 0x0000000711b00000, 0x0000000711b00000| Untracked 
| 270|0x0000000711c00000, 0x0000000711c00000, 0x0000000711d00000|  0%| F|  |TAMS 0x0000000711c00000, 0x0000000711c00000| Untracked 
| 271|0x0000000711d00000, 0x0000000711d00000, 0x0000000711e00000|  0%| F|  |TAMS 0x0000000711d00000, 0x0000000711d00000| Untracked 
| 272|0x0000000711e00000, 0x0000000711e00000, 0x0000000711f00000|  0%| F|  |TAMS 0x0000000711e00000, 0x0000000711e00000| Untracked 
| 273|0x0000000711f00000, 0x0000000711f00000, 0x0000000712000000|  0%| F|  |TAMS 0x0000000711f00000, 0x0000000711f00000| Untracked 
| 274|0x0000000712000000, 0x0000000712000000, 0x0000000712100000|  0%| F|  |TAMS 0x0000000712000000, 0x0000000712000000| Untracked 
| 275|0x0000000712100000, 0x0000000712100000, 0x0000000712200000|  0%| F|  |TAMS 0x0000000712100000, 0x0000000712100000| Untracked 
| 276|0x0000000712200000, 0x0000000712200000, 0x0000000712300000|  0%| F|  |TAMS 0x0000000712200000, 0x0000000712200000| Untracked 
| 277|0x0000000712300000, 0x0000000712300000, 0x0000000712400000|  0%| F|  |TAMS 0x0000000712300000, 0x0000000712300000| Untracked 
| 278|0x0000000712400000, 0x0000000712400000, 0x0000000712500000|  0%| F|  |TAMS 0x0000000712400000, 0x0000000712400000| Untracked 
| 279|0x0000000712500000, 0x0000000712500000, 0x0000000712600000|  0%| F|  |TAMS 0x0000000712500000, 0x0000000712500000| Untracked 
| 280|0x0000000712600000, 0x0000000712600000, 0x0000000712700000|  0%| F|  |TAMS 0x0000000712600000, 0x0000000712600000| Untracked 
| 281|0x0000000712700000, 0x0000000712700000, 0x0000000712800000|  0%| F|  |TAMS 0x0000000712700000, 0x0000000712700000| Untracked 
| 282|0x0000000712800000, 0x0000000712800000, 0x0000000712900000|  0%| F|  |TAMS 0x0000000712800000, 0x0000000712800000| Untracked 
| 283|0x0000000712900000, 0x0000000712900000, 0x0000000712a00000|  0%| F|  |TAMS 0x0000000712900000, 0x0000000712900000| Untracked 
| 284|0x0000000712a00000, 0x0000000712a00000, 0x0000000712b00000|  0%| F|  |TAMS 0x0000000712a00000, 0x0000000712a00000| Untracked 
| 285|0x0000000712b00000, 0x0000000712b00000, 0x0000000712c00000|  0%| F|  |TAMS 0x0000000712b00000, 0x0000000712b00000| Untracked 
| 286|0x0000000712c00000, 0x0000000712c00000, 0x0000000712d00000|  0%| F|  |TAMS 0x0000000712c00000, 0x0000000712c00000| Untracked 
| 287|0x0000000712d00000, 0x0000000712d00000, 0x0000000712e00000|  0%| F|  |TAMS 0x0000000712d00000, 0x0000000712d00000| Untracked 
| 288|0x0000000712e00000, 0x0000000712e00000, 0x0000000712f00000|  0%| F|  |TAMS 0x0000000712e00000, 0x0000000712e00000| Untracked 
| 289|0x0000000712f00000, 0x0000000712f00000, 0x0000000713000000|  0%| F|  |TAMS 0x0000000712f00000, 0x0000000712f00000| Untracked 
| 290|0x0000000713000000, 0x0000000713000000, 0x0000000713100000|  0%| F|  |TAMS 0x0000000713000000, 0x0000000713000000| Untracked 
| 291|0x0000000713100000, 0x0000000713100000, 0x0000000713200000|  0%| F|  |TAMS 0x0000000713100000, 0x0000000713100000| Untracked 
| 292|0x0000000713200000, 0x0000000713200000, 0x0000000713300000|  0%| F|  |TAMS 0x0000000713200000, 0x0000000713200000| Untracked 
| 293|0x0000000713300000, 0x0000000713300000, 0x0000000713400000|  0%| F|  |TAMS 0x0000000713300000, 0x0000000713300000| Untracked 
| 294|0x0000000713400000, 0x0000000713400000, 0x0000000713500000|  0%| F|  |TAMS 0x0000000713400000, 0x0000000713400000| Untracked 
| 295|0x0000000713500000, 0x0000000713500000, 0x0000000713600000|  0%| F|  |TAMS 0x0000000713500000, 0x0000000713500000| Untracked 
| 296|0x0000000713600000, 0x0000000713600000, 0x0000000713700000|  0%| F|  |TAMS 0x0000000713600000, 0x0000000713600000| Untracked 
| 297|0x0000000713700000, 0x0000000713700000, 0x0000000713800000|  0%| F|  |TAMS 0x0000000713700000, 0x0000000713700000| Untracked 
| 298|0x0000000713800000, 0x0000000713800000, 0x0000000713900000|  0%| F|  |TAMS 0x0000000713800000, 0x0000000713800000| Untracked 
| 299|0x0000000713900000, 0x0000000713900000, 0x0000000713a00000|  0%| F|  |TAMS 0x0000000713900000, 0x0000000713900000| Untracked 
| 300|0x0000000713a00000, 0x0000000713a00000, 0x0000000713b00000|  0%| F|  |TAMS 0x0000000713a00000, 0x0000000713a00000| Untracked 
| 301|0x0000000713b00000, 0x0000000713b00000, 0x0000000713c00000|  0%| F|  |TAMS 0x0000000713b00000, 0x0000000713b00000| Untracked 
| 302|0x0000000713c00000, 0x0000000713c00000, 0x0000000713d00000|  0%| F|  |TAMS 0x0000000713c00000, 0x0000000713c00000| Untracked 
| 303|0x0000000713d00000, 0x0000000713d00000, 0x0000000713e00000|  0%| F|  |TAMS 0x0000000713d00000, 0x0000000713d00000| Untracked 
| 304|0x0000000713e00000, 0x0000000713e00000, 0x0000000713f00000|  0%| F|  |TAMS 0x0000000713e00000, 0x0000000713e00000| Untracked 
| 305|0x0000000713f00000, 0x0000000713f00000, 0x0000000714000000|  0%| F|  |TAMS 0x0000000713f00000, 0x0000000713f00000| Untracked 
| 306|0x0000000714000000, 0x0000000714000000, 0x0000000714100000|  0%| F|  |TAMS 0x0000000714000000, 0x0000000714000000| Untracked 
| 307|0x0000000714100000, 0x0000000714100000, 0x0000000714200000|  0%| F|  |TAMS 0x0000000714100000, 0x0000000714100000| Untracked 
| 308|0x0000000714200000, 0x0000000714200000, 0x0000000714300000|  0%| F|  |TAMS 0x0000000714200000, 0x0000000714200000| Untracked 
| 309|0x0000000714300000, 0x0000000714300000, 0x0000000714400000|  0%| F|  |TAMS 0x0000000714300000, 0x0000000714300000| Untracked 
| 310|0x0000000714400000, 0x0000000714400000, 0x0000000714500000|  0%| F|  |TAMS 0x0000000714400000, 0x0000000714400000| Untracked 
| 311|0x0000000714500000, 0x0000000714500000, 0x0000000714600000|  0%| F|  |TAMS 0x0000000714500000, 0x0000000714500000| Untracked 
| 312|0x0000000714600000, 0x0000000714600000, 0x0000000714700000|  0%| F|  |TAMS 0x0000000714600000, 0x0000000714600000| Untracked 
| 313|0x0000000714700000, 0x0000000714700000, 0x0000000714800000|  0%| F|  |TAMS 0x0000000714700000, 0x0000000714700000| Untracked 
| 314|0x0000000714800000, 0x0000000714800000, 0x0000000714900000|  0%| F|  |TAMS 0x0000000714800000, 0x0000000714800000| Untracked 
| 315|0x0000000714900000, 0x0000000714900000, 0x0000000714a00000|  0%| F|  |TAMS 0x0000000714900000, 0x0000000714900000| Untracked 
| 316|0x0000000714a00000, 0x0000000714a00000, 0x0000000714b00000|  0%| F|  |TAMS 0x0000000714a00000, 0x0000000714a00000| Untracked 
| 317|0x0000000714b00000, 0x0000000714b00000, 0x0000000714c00000|  0%| F|  |TAMS 0x0000000714b00000, 0x0000000714b00000| Untracked 
| 318|0x0000000714c00000, 0x0000000714c00000, 0x0000000714d00000|  0%| F|  |TAMS 0x0000000714c00000, 0x0000000714c00000| Untracked 
| 319|0x0000000714d00000, 0x0000000714d00000, 0x0000000714e00000|  0%| F|  |TAMS 0x0000000714d00000, 0x0000000714d00000| Untracked 
| 320|0x0000000714e00000, 0x0000000714e00000, 0x0000000714f00000|  0%| F|  |TAMS 0x0000000714e00000, 0x0000000714e00000| Untracked 
| 321|0x0000000714f00000, 0x0000000714f00000, 0x0000000715000000|  0%| F|  |TAMS 0x0000000714f00000, 0x0000000714f00000| Untracked 
| 322|0x0000000715000000, 0x0000000715000000, 0x0000000715100000|  0%| F|  |TAMS 0x0000000715000000, 0x0000000715000000| Untracked 
| 323|0x0000000715100000, 0x0000000715100000, 0x0000000715200000|  0%| F|  |TAMS 0x0000000715100000, 0x0000000715100000| Untracked 
| 324|0x0000000715200000, 0x0000000715200000, 0x0000000715300000|  0%| F|  |TAMS 0x0000000715200000, 0x0000000715200000| Untracked 
| 325|0x0000000715300000, 0x0000000715300000, 0x0000000715400000|  0%| F|  |TAMS 0x0000000715300000, 0x0000000715300000| Untracked 
| 326|0x0000000715400000, 0x0000000715400000, 0x0000000715500000|  0%| F|  |TAMS 0x0000000715400000, 0x0000000715400000| Untracked 
| 327|0x0000000715500000, 0x0000000715500000, 0x0000000715600000|  0%| F|  |TAMS 0x0000000715500000, 0x0000000715500000| Untracked 
| 328|0x0000000715600000, 0x0000000715600000, 0x0000000715700000|  0%| F|  |TAMS 0x0000000715600000, 0x0000000715600000| Untracked 
| 329|0x0000000715700000, 0x0000000715700000, 0x0000000715800000|  0%| F|  |TAMS 0x0000000715700000, 0x0000000715700000| Untracked 
| 330|0x0000000715800000, 0x0000000715800000, 0x0000000715900000|  0%| F|  |TAMS 0x0000000715800000, 0x0000000715800000| Untracked 
| 331|0x0000000715900000, 0x0000000715900000, 0x0000000715a00000|  0%| F|  |TAMS 0x0000000715900000, 0x0000000715900000| Untracked 
| 332|0x0000000715a00000, 0x0000000715a00000, 0x0000000715b00000|  0%| F|  |TAMS 0x0000000715a00000, 0x0000000715a00000| Untracked 
| 333|0x0000000715b00000, 0x0000000715b00000, 0x0000000715c00000|  0%| F|  |TAMS 0x0000000715b00000, 0x0000000715b00000| Untracked 
| 334|0x0000000715c00000, 0x0000000715c00000, 0x0000000715d00000|  0%| F|  |TAMS 0x0000000715c00000, 0x0000000715c00000| Untracked 
| 335|0x0000000715d00000, 0x0000000715d00000, 0x0000000715e00000|  0%| F|  |TAMS 0x0000000715d00000, 0x0000000715d00000| Untracked 
| 336|0x0000000715e00000, 0x0000000715e00000, 0x0000000715f00000|  0%| F|  |TAMS 0x0000000715e00000, 0x0000000715e00000| Untracked 
| 337|0x0000000715f00000, 0x0000000715f00000, 0x0000000716000000|  0%| F|  |TAMS 0x0000000715f00000, 0x0000000715f00000| Untracked 
| 338|0x0000000716000000, 0x0000000716000000, 0x0000000716100000|  0%| F|  |TAMS 0x0000000716000000, 0x0000000716000000| Untracked 
| 339|0x0000000716100000, 0x0000000716100000, 0x0000000716200000|  0%| F|  |TAMS 0x0000000716100000, 0x0000000716100000| Untracked 
| 340|0x0000000716200000, 0x0000000716200000, 0x0000000716300000|  0%| F|  |TAMS 0x0000000716200000, 0x0000000716200000| Untracked 
| 341|0x0000000716300000, 0x0000000716300000, 0x0000000716400000|  0%| F|  |TAMS 0x0000000716300000, 0x0000000716300000| Untracked 
| 342|0x0000000716400000, 0x0000000716400000, 0x0000000716500000|  0%| F|  |TAMS 0x0000000716400000, 0x0000000716400000| Untracked 
| 343|0x0000000716500000, 0x0000000716500000, 0x0000000716600000|  0%| F|  |TAMS 0x0000000716500000, 0x0000000716500000| Untracked 
| 344|0x0000000716600000, 0x0000000716600000, 0x0000000716700000|  0%| F|  |TAMS 0x0000000716600000, 0x0000000716600000| Untracked 
| 345|0x0000000716700000, 0x0000000716800000, 0x0000000716800000|100%| S|CS|TAMS 0x0000000716700000, 0x0000000716700000| Complete 
| 346|0x0000000716800000, 0x0000000716900000, 0x0000000716900000|100%| S|CS|TAMS 0x0000000716800000, 0x0000000716800000| Complete 
| 347|0x0000000716900000, 0x0000000716a00000, 0x0000000716a00000|100%| S|CS|TAMS 0x0000000716900000, 0x0000000716900000| Complete 
| 348|0x0000000716a00000, 0x0000000716b00000, 0x0000000716b00000|100%| S|CS|TAMS 0x0000000716a00000, 0x0000000716a00000| Complete 
| 349|0x0000000716b00000, 0x0000000716c00000, 0x0000000716c00000|100%| S|CS|TAMS 0x0000000716b00000, 0x0000000716b00000| Complete 
| 350|0x0000000716c00000, 0x0000000716d00000, 0x0000000716d00000|100%| S|CS|TAMS 0x0000000716c00000, 0x0000000716c00000| Complete 
| 351|0x0000000716d00000, 0x0000000716e00000, 0x0000000716e00000|100%| S|CS|TAMS 0x0000000716d00000, 0x0000000716d00000| Complete 
| 352|0x0000000716e00000, 0x0000000716f00000, 0x0000000716f00000|100%| S|CS|TAMS 0x0000000716e00000, 0x0000000716e00000| Complete 
| 353|0x0000000716f00000, 0x0000000717000000, 0x0000000717000000|100%| S|CS|TAMS 0x0000000716f00000, 0x0000000716f00000| Complete 
| 354|0x0000000717000000, 0x0000000717100000, 0x0000000717100000|100%| S|CS|TAMS 0x0000000717000000, 0x0000000717000000| Complete 
| 355|0x0000000717100000, 0x0000000717200000, 0x0000000717200000|100%| S|CS|TAMS 0x0000000717100000, 0x0000000717100000| Complete 
| 356|0x0000000717200000, 0x0000000717300000, 0x0000000717300000|100%| S|CS|TAMS 0x0000000717200000, 0x0000000717200000| Complete 
| 357|0x0000000717300000, 0x0000000717300000, 0x0000000717400000|  0%| F|  |TAMS 0x0000000717300000, 0x0000000717300000| Untracked 
| 358|0x0000000717400000, 0x0000000717400000, 0x0000000717500000|  0%| F|  |TAMS 0x0000000717400000, 0x0000000717400000| Untracked 
| 359|0x0000000717500000, 0x0000000717500000, 0x0000000717600000|  0%| F|  |TAMS 0x0000000717500000, 0x0000000717500000| Untracked 
| 360|0x0000000717600000, 0x0000000717600000, 0x0000000717700000|  0%| F|  |TAMS 0x0000000717600000, 0x0000000717600000| Untracked 
| 361|0x0000000717700000, 0x0000000717700000, 0x0000000717800000|  0%| F|  |TAMS 0x0000000717700000, 0x0000000717700000| Untracked 
| 362|0x0000000717800000, 0x0000000717800000, 0x0000000717900000|  0%| F|  |TAMS 0x0000000717800000, 0x0000000717800000| Untracked 
| 363|0x0000000717900000, 0x0000000717900000, 0x0000000717a00000|  0%| F|  |TAMS 0x0000000717900000, 0x0000000717900000| Untracked 
| 364|0x0000000717a00000, 0x0000000717a00000, 0x0000000717b00000|  0%| F|  |TAMS 0x0000000717a00000, 0x0000000717a00000| Untracked 
| 365|0x0000000717b00000, 0x0000000717b00000, 0x0000000717c00000|  0%| F|  |TAMS 0x0000000717b00000, 0x0000000717b00000| Untracked 
| 366|0x0000000717c00000, 0x0000000717c00000, 0x0000000717d00000|  0%| F|  |TAMS 0x0000000717c00000, 0x0000000717c00000| Untracked 
| 367|0x0000000717d00000, 0x0000000717d00000, 0x0000000717e00000|  0%| F|  |TAMS 0x0000000717d00000, 0x0000000717d00000| Untracked 
| 368|0x0000000717e00000, 0x0000000717e00000, 0x0000000717f00000|  0%| F|  |TAMS 0x0000000717e00000, 0x0000000717e00000| Untracked 
| 369|0x0000000717f00000, 0x0000000717f00000, 0x0000000718000000|  0%| F|  |TAMS 0x0000000717f00000, 0x0000000717f00000| Untracked 
| 370|0x0000000718000000, 0x0000000718000000, 0x0000000718100000|  0%| F|  |TAMS 0x0000000718000000, 0x0000000718000000| Untracked 
| 371|0x0000000718100000, 0x0000000718100000, 0x0000000718200000|  0%| F|  |TAMS 0x0000000718100000, 0x0000000718100000| Untracked 
| 372|0x0000000718200000, 0x0000000718200000, 0x0000000718300000|  0%| F|  |TAMS 0x0000000718200000, 0x0000000718200000| Untracked 
| 373|0x0000000718300000, 0x0000000718300000, 0x0000000718400000|  0%| F|  |TAMS 0x0000000718300000, 0x0000000718300000| Untracked 
| 374|0x0000000718400000, 0x0000000718400000, 0x0000000718500000|  0%| F|  |TAMS 0x0000000718400000, 0x0000000718400000| Untracked 
| 375|0x0000000718500000, 0x0000000718500000, 0x0000000718600000|  0%| F|  |TAMS 0x0000000718500000, 0x0000000718500000| Untracked 
| 376|0x0000000718600000, 0x0000000718600000, 0x0000000718700000|  0%| F|  |TAMS 0x0000000718600000, 0x0000000718600000| Untracked 
| 377|0x0000000718700000, 0x0000000718700000, 0x0000000718800000|  0%| F|  |TAMS 0x0000000718700000, 0x0000000718700000| Untracked 
| 378|0x0000000718800000, 0x0000000718800000, 0x0000000718900000|  0%| F|  |TAMS 0x0000000718800000, 0x0000000718800000| Untracked 
| 379|0x0000000718900000, 0x0000000718900000, 0x0000000718a00000|  0%| F|  |TAMS 0x0000000718900000, 0x0000000718900000| Untracked 
| 380|0x0000000718a00000, 0x0000000718a00000, 0x0000000718b00000|  0%| F|  |TAMS 0x0000000718a00000, 0x0000000718a00000| Untracked 

Card table byte_map: [0x0000018e5b410000,0x0000018e5bc10000] _byte_map_base: 0x0000018e57c09000

Marking Bits (Prev, Next): (CMBitMap*) 0x0000018e47bcb878, (CMBitMap*) 0x0000018e47bcb8b0
 Prev Bits: [0x0000018e5c410000, 0x0000018e603d8000)
 Next Bits: [0x0000018e603e0000, 0x0000018e643a8000)

Polling page: 0x0000018e45a30000

Metaspace:

Usage:
  Non-class:     52.65 MB capacity,    51.56 MB ( 98%) used,   897.16 KB (  2%) free+waste,   215.56 KB ( <1%) overhead. 
      Class:      8.63 MB capacity,     7.95 MB ( 92%) used,   585.49 KB (  7%) free+waste,   104.81 KB (  1%) overhead. 
       Both:     61.27 MB capacity,    59.51 MB ( 97%) used,     1.45 MB (  2%) free+waste,   320.38 KB ( <1%) overhead. 

Virtual space:
  Non-class space:       66.00 MB reserved,      52.66 MB ( 80%) committed 
      Class space:        1.00 GB reserved,       8.63 MB ( <1%) committed 
             Both:        1.06 GB reserved,      61.29 MB (  6%) committed 

Chunk freelists:
   Non-Class:  12.00 KB
       Class:  0 bytes
        Both:  12.00 KB

MaxMetaspaceSize: 17179869184.00 GB
CompressedClassSpaceSize: 1.00 GB

CodeHeap 'non-profiled nmethods': size=238912Kb used=10200Kb max_used=10200Kb free=228711Kb
 bounds [0x0000018e4c2c0000, 0x0000018e4ccc0000, 0x0000018e5ac10000]
CodeHeap 'non-nmethods': size=6848Kb used=1289Kb max_used=1289Kb free=5558Kb
 bounds [0x0000018e4bc10000, 0x0000018e4be80000, 0x0000018e4c2c0000]
 total_blobs=6754 nmethods=5789 adapters=596
 compilation: enabled
              stopped_count=0, restarted_count=0
 full_count=0

Compilation events (20 events):
Event: 21.525 Thread 0x0000018e668bf800 5801       1       org.apache.juli.logging.DirectJDKLog::isTraceEnabled (11 bytes)
Event: 21.525 Thread 0x0000018e668bf800 nmethod 5801 0x0000018e4ccb2c10 code [0x0000018e4ccb2dc0, 0x0000018e4ccb2f58]
Event: 21.525 Thread 0x0000018e668bf800 5802       1       javax.servlet.ServletRequestWrapper::getAttribute (11 bytes)
Event: 21.525 Thread 0x0000018e668bf800 nmethod 5802 0x0000018e4ccb3090 code [0x0000018e4ccb3240, 0x0000018e4ccb33b0]
Event: 21.533 Thread 0x0000018e668bf800 5803       1       org.springframework.boot.context.properties.ConfigurationPropertiesBindingPostProcessor::postProcessBeforeInitialization (15 bytes)
Event: 21.533 Thread 0x0000018e668bf800 nmethod 5803 0x0000018e4ccb3490 code [0x0000018e4ccb3680, 0x0000018e4ccb3980]
Event: 21.533 Thread 0x0000018e668bf800 5804       1       org.springframework.boot.context.properties.ConfigurationPropertiesBean::get (17 bytes)
Event: 21.533 Thread 0x0000018e668bf800 nmethod 5804 0x0000018e4ccb3b10 code [0x0000018e4ccb3ce0, 0x0000018e4ccb3f50]
Event: 21.533 Thread 0x0000018e668bf800 5805       1       org.springframework.boot.context.properties.ConfigurationPropertiesBean::findFactoryMethod (18 bytes)
Event: 21.533 Thread 0x0000018e668bf800 nmethod 5805 0x0000018e4ccb4090 code [0x0000018e4ccb4260, 0x0000018e4ccb4480]
Event: 21.533 Thread 0x0000018e668bf800 5806       1       org.springframework.boot.context.properties.ConfigurationPropertiesBean::findFactoryMethod (11 bytes)
Event: 21.533 Thread 0x0000018e668bf800 nmethod 5806 0x0000018e4ccb4590 code [0x0000018e4ccb4760, 0x0000018e4ccb48a0]
Event: 21.533 Thread 0x0000018e668bf800 5807       1       org.springframework.boot.context.properties.ConfigurationPropertiesBean::findFactoryMethod (47 bytes)
Event: 21.533 Thread 0x0000018e668bf800 nmethod 5807 0x0000018e4ccb4e10 code [0x0000018e4ccb4fe0, 0x0000018e4ccb5290]
Event: 21.533 Thread 0x0000018e668bf800 5808       1       org.springframework.aop.support.AopUtils::isAopProxy (38 bytes)
Event: 21.534 Thread 0x0000018e668bf800 nmethod 5808 0x0000018e4ccb5410 code [0x0000018e4ccb5660, 0x0000018e4ccb5cf0]
Event: 21.534 Thread 0x0000018e668bf800 5810       1       org.apache.jasper.JspCompilationContext::isPathSeparator (18 bytes)
Event: 21.534 Thread 0x0000018e668bf800 nmethod 5810 0x0000018e4ccb6090 code [0x0000018e4ccb6240, 0x0000018e4ccb6358]
Event: 21.534 Thread 0x0000018e668bf800 5811       1       com.sun.org.apache.xerces.internal.utils.XMLSecurityManager$NameMap::getOldName (18 bytes)
Event: 21.534 Thread 0x0000018e668bf800 nmethod 5811 0x0000018e4ccb6410 code [0x0000018e4ccb65c0, 0x0000018e4ccb6770]

GC Heap History (20 events):
Event: 1.161 GC heap before
{Heap before GC invocations=0 (full 0):
 garbage-first heap   total 262144K, used 15360K [0x0000000700e00000, 0x0000000800000000)
  region size 1024K, 14 young (14336K), 0 survivors (0K)
 Metaspace       used 4578K, capacity 5370K, committed 5632K, reserved 1056768K
  class space    used 582K, capacity 694K, committed 768K, reserved 1048576K
}
Event: 1.233 GC heap after
{Heap after GC invocations=1 (full 0):
 garbage-first heap   total 262144K, used 6873K [0x0000000700e00000, 0x0000000800000000)
  region size 1024K, 2 young (2048K), 2 survivors (2048K)
 Metaspace       used 4578K, capacity 5370K, committed 5632K, reserved 1056768K
  class space    used 582K, capacity 694K, committed 768K, reserved 1048576K
}
Event: 1.408 GC heap before
{Heap before GC invocations=1 (full 0):
 garbage-first heap   total 262144K, used 16089K [0x0000000700e00000, 0x0000000800000000)
  region size 1024K, 12 young (12288K), 2 survivors (2048K)
 Metaspace       used 6499K, capacity 6765K, committed 6912K, reserved 1056768K
  class space    used 805K, capacity 921K, committed 1024K, reserved 1048576K
}
Event: 1.411 GC heap after
{Heap after GC invocations=2 (full 0):
 garbage-first heap   total 262144K, used 8323K [0x0000000700e00000, 0x0000000800000000)
  region size 1024K, 2 young (2048K), 2 survivors (2048K)
 Metaspace       used 6499K, capacity 6765K, committed 6912K, reserved 1056768K
  class space    used 805K, capacity 921K, committed 1024K, reserved 1048576K
}
Event: 2.233 GC heap before
{Heap before GC invocations=2 (full 0):
 garbage-first heap   total 262144K, used 32899K [0x0000000700e00000, 0x0000000800000000)
  region size 1024K, 27 young (27648K), 2 survivors (2048K)
 Metaspace       used 10443K, capacity 10997K, committed 11136K, reserved 1058816K
  class space    used 1428K, capacity 1660K, committed 1664K, reserved 1048576K
}
Event: 2.236 GC heap after
{Heap after GC invocations=3 (full 0):
 garbage-first heap   total 262144K, used 9577K [0x0000000700e00000, 0x0000000800000000)
  region size 1024K, 3 young (3072K), 3 survivors (3072K)
 Metaspace       used 10443K, capacity 10997K, committed 11136K, reserved 1058816K
  class space    used 1428K, capacity 1660K, committed 1664K, reserved 1048576K
}
Event: 2.647 GC heap before
{Heap before GC invocations=3 (full 0):
 garbage-first heap   total 262144K, used 62825K [0x0000000700e00000, 0x0000000800000000)
  region size 1024K, 55 young (56320K), 3 survivors (3072K)
 Metaspace       used 19272K, capacity 20042K, committed 20096K, reserved 1067008K
  class space    used 2576K, capacity 2903K, committed 2944K, reserved 1048576K
}
Event: 2.652 GC heap after
{Heap after GC invocations=4 (full 0):
 garbage-first heap   total 262144K, used 11838K [0x0000000700e00000, 0x0000000800000000)
  region size 1024K, 5 young (5120K), 5 survivors (5120K)
 Metaspace       used 19272K, capacity 20042K, committed 20096K, reserved 1067008K
  class space    used 2576K, capacity 2903K, committed 2944K, reserved 1048576K
}
Event: 2.690 GC heap before
{Heap before GC invocations=4 (full 0):
 garbage-first heap   total 262144K, used 22078K [0x0000000700e00000, 0x0000000800000000)
  region size 1024K, 16 young (16384K), 5 survivors (5120K)
 Metaspace       used 20397K, capacity 21157K, committed 21248K, reserved 1067008K
  class space    used 2730K, capacity 3040K, committed 3072K, reserved 1048576K
}
Event: 2.694 GC heap after
{Heap after GC invocations=5 (full 0):
 garbage-first heap   total 262144K, used 12523K [0x0000000700e00000, 0x0000000800000000)
  region size 1024K, 6 young (6144K), 6 survivors (6144K)
 Metaspace       used 20397K, capacity 21157K, committed 21248K, reserved 1067008K
  class space    used 2730K, capacity 3040K, committed 3072K, reserved 1048576K
}
Event: 2.892 GC heap before
{Heap before GC invocations=6 (full 0):
 garbage-first heap   total 262144K, used 85227K [0x0000000700e00000, 0x0000000800000000)
  region size 1024K, 78 young (79872K), 6 survivors (6144K)
 Metaspace       used 23828K, capacity 24693K, committed 24832K, reserved 1071104K
  class space    used 3187K, capacity 3532K, committed 3584K, reserved 1048576K
}
Event: 2.900 GC heap after
{Heap after GC invocations=7 (full 0):
 garbage-first heap   total 262144K, used 13628K [0x0000000700e00000, 0x0000000800000000)
  region size 1024K, 7 young (7168K), 7 survivors (7168K)
 Metaspace       used 23828K, capacity 24693K, committed 24832K, reserved 1071104K
  class space    used 3187K, capacity 3532K, committed 3584K, reserved 1048576K
}
Event: 4.024 GC heap before
{Heap before GC invocations=8 (full 0):
 garbage-first heap   total 262144K, used 162108K [0x0000000700e00000, 0x0000000800000000)
  region size 1024K, 153 young (156672K), 7 survivors (7168K)
 Metaspace       used 37189K, capacity 38477K, committed 38784K, reserved 1083392K
  class space    used 4918K, capacity 5410K, committed 5504K, reserved 1048576K
}
Event: 4.038 GC heap after
{Heap after GC invocations=9 (full 0):
 garbage-first heap   total 262144K, used 20321K [0x0000000700e00000, 0x0000000800000000)
  region size 1024K, 13 young (13312K), 13 survivors (13312K)
 Metaspace       used 37189K, capacity 38477K, committed 38784K, reserved 1083392K
  class space    used 4918K, capacity 5410K, committed 5504K, reserved 1048576K
}
Event: 4.206 GC heap before
{Heap before GC invocations=9 (full 0):
 garbage-first heap   total 262144K, used 38753K [0x0000000700e00000, 0x0000000800000000)
  region size 1024K, 32 young (32768K), 13 survivors (13312K)
 Metaspace       used 40339K, capacity 41706K, committed 41816K, reserved 1085440K
  class space    used 5486K, capacity 6016K, committed 6016K, reserved 1048576K
}
Event: 4.219 GC heap after
{Heap after GC invocations=10 (full 0):
 garbage-first heap   total 262144K, used 21669K [0x0000000700e00000, 0x0000000800000000)
  region size 1024K, 10 young (10240K), 10 survivors (10240K)
 Metaspace       used 40339K, capacity 41706K, committed 41816K, reserved 1085440K
  class space    used 5486K, capacity 6016K, committed 6016K, reserved 1048576K
}
Event: 20.806 GC heap before
{Heap before GC invocations=11 (full 0):
 garbage-first heap   total 262144K, used 164005K [0x0000000700e00000, 0x0000000800000000)
  region size 1024K, 149 young (152576K), 10 survivors (10240K)
 Metaspace       used 58048K, capacity 59895K, committed 60196K, reserved 1101824K
  class space    used 7801K, capacity 8522K, committed 8576K, reserved 1048576K
}
Event: 20.821 GC heap after
{Heap after GC invocations=12 (full 0):
 garbage-first heap   total 390144K, used 29791K [0x0000000700e00000, 0x0000000800000000)
  region size 1024K, 18 young (18432K), 18 survivors (18432K)
 Metaspace       used 58048K, capacity 59895K, committed 60196K, reserved 1101824K
  class space    used 7801K, capacity 8522K, committed 8576K, reserved 1048576K
}
Event: 21.536 GC heap before
{Heap before GC invocations=13 (full 0):
 garbage-first heap   total 390144K, used 52319K [0x0000000700e00000, 0x0000000800000000)
  region size 1024K, 42 young (43008K), 18 survivors (18432K)
 Metaspace       used 60940K, capacity 62744K, committed 62756K, reserved 1114112K
  class space    used 8141K, capacity 8832K, committed 8832K, reserved 1048576K
}
Event: 21.551 GC heap after
{Heap after GC invocations=14 (full 0):
 garbage-first heap   total 390144K, used 31109K [0x0000000700e00000, 0x0000000800000000)
  region size 1024K, 12 young (12288K), 12 survivors (12288K)
 Metaspace       used 60940K, capacity 62744K, committed 62756K, reserved 1114112K
  class space    used 8141K, capacity 8832K, committed 8832K, reserved 1048576K
}

Deoptimization events (4 events):
Event: 3.149 Thread 0x0000018e47b65000 DEOPT PACKING pc=0x0000018e4c5cad54 sp=0x00000067ed5fda60
Event: 3.149 Thread 0x0000018e47b65000 DEOPT UNPACKING pc=0x0000018e4bc390ce sp=0x00000067ed5fcfc8 mode 0
Event: 5.402 Thread 0x0000018e47b65000 DEOPT PACKING pc=0x0000018e4c5915bb sp=0x00000067ed5f80e0
Event: 5.402 Thread 0x0000018e47b65000 DEOPT UNPACKING pc=0x0000018e4bc390ce sp=0x00000067ed5f75e8 mode 3

Classes redefined (0 events):
No events

Internal exceptions (20 events):
Event: 21.486 Thread 0x0000018e6b7fc800 Exception <a 'java/lang/ClassNotFoundException'{0x00000007179a8590}: org/springframework/web/servlet/tags/form/AbstractDataBoundFormElementTagBeanInfo> (0x00000007179a8590) thrown at [c:/BuildAgent/work/5ff2f6c26000d570/src/hotspot/share/classfile/systemD
Event: 21.486 Thread 0x0000018e6b7fc800 Exception <a 'java/lang/ClassNotFoundException'{0x00000007179bc5b8}: org/springframework/web/servlet/tags/form/AbstractFormTagBeanInfo> (0x00000007179bc5b8) thrown at [c:/BuildAgent/work/5ff2f6c26000d570/src/hotspot/share/classfile/systemDictionary.cpp, l
Event: 21.487 Thread 0x0000018e6b7fc800 Exception <a 'java/lang/ClassNotFoundException'{0x00000007179d0348}: org/springframework/web/servlet/tags/HtmlEscapingAwareTagBeanInfo> (0x00000007179d0348) thrown at [c:/BuildAgent/work/5ff2f6c26000d570/src/hotspot/share/classfile/systemDictionary.cpp, l
Event: 21.487 Thread 0x0000018e6b7fc800 Exception <a 'java/lang/ClassNotFoundException'{0x00000007179e4c00}: org/springframework/web/servlet/tags/RequestContextAwareTagBeanInfo> (0x00000007179e4c00) thrown at [c:/BuildAgent/work/5ff2f6c26000d570/src/hotspot/share/classfile/systemDictionary.cpp,
Event: 21.488 Thread 0x0000018e6b7fc800 Exception <a 'java/lang/ClassNotFoundException'{0x00000007179f9568}: org/springframework/web/servlet/tags/RequestContextAwareTagCustomizer> (0x00000007179f9568) thrown at [c:/BuildAgent/work/5ff2f6c26000d570/src/hotspot/share/classfile/systemDictionary.cp
Event: 21.489 Thread 0x0000018e6b7fc800 Exception <a 'java/lang/ClassNotFoundException'{0x0000000717812ec8}: org/springframework/web/servlet/tags/HtmlEscapingAwareTagCustomizer> (0x0000000717812ec8) thrown at [c:/BuildAgent/work/5ff2f6c26000d570/src/hotspot/share/classfile/systemDictionary.cpp,
Event: 21.490 Thread 0x0000018e6b7fc800 Exception <a 'java/lang/ClassNotFoundException'{0x000000071782bb10}: org/springframework/web/servlet/tags/form/AbstractFormTagCustomizer> (0x000000071782bb10) thrown at [c:/BuildAgent/work/5ff2f6c26000d570/src/hotspot/share/classfile/systemDictionary.cpp,
Event: 21.491 Thread 0x0000018e6b7fc800 Exception <a 'java/lang/ClassNotFoundException'{0x00000007178457d0}: org/springframework/web/servlet/tags/form/AbstractDataBoundFormElementTagCustomizer> (0x00000007178457d0) thrown at [c:/BuildAgent/work/5ff2f6c26000d570/src/hotspot/share/classfile/syste
Event: 21.492 Thread 0x0000018e6b7fc800 Exception <a 'java/lang/ClassNotFoundException'{0x0000000717864988}: org/springframework/web/servlet/tags/form/AbstractHtmlElementTagCustomizer> (0x0000000717864988) thrown at [c:/BuildAgent/work/5ff2f6c26000d570/src/hotspot/share/classfile/systemDictiona
Event: 21.492 Thread 0x0000018e6b7fc800 Exception <a 'java/lang/ClassNotFoundException'{0x0000000717889d18}: org/springframework/web/servlet/tags/form/FormTagCustomizer> (0x0000000717889d18) thrown at [c:/BuildAgent/work/5ff2f6c26000d570/src/hotspot/share/classfile/systemDictionary.cpp, line 23
Event: 21.494 Thread 0x0000018e6b7fc800 Exception <a 'java/lang/ClassNotFoundException'{0x00000007178ba928}: org/apache/taglibs/standard/tag/rt/core/IfTagBeanInfo> (0x00000007178ba928) thrown at [c:/BuildAgent/work/5ff2f6c26000d570/src/hotspot/share/classfile/systemDictionary.cpp, line 231]
Event: 21.495 Thread 0x0000018e6b7fc800 Exception <a 'java/lang/ClassNotFoundException'{0x00000007178cd390}: javax/servlet/jsp/jstl/core/ConditionalTagSupportBeanInfo> (0x00000007178cd390) thrown at [c:/BuildAgent/work/5ff2f6c26000d570/src/hotspot/share/classfile/systemDictionary.cpp, line 231]
Event: 21.495 Thread 0x0000018e6b7fc800 Exception <a 'java/lang/ClassNotFoundException'{0x00000007178e0ba0}: javax/servlet/jsp/jstl/core/ConditionalTagSupportCustomizer> (0x00000007178e0ba0) thrown at [c:/BuildAgent/work/5ff2f6c26000d570/src/hotspot/share/classfile/systemDictionary.cpp, line 23
Event: 21.496 Thread 0x0000018e6b7fc800 Exception <a 'java/lang/ClassNotFoundException'{0x00000007178f8ee0}: org/apache/taglibs/standard/tag/rt/core/IfTagCustomizer> (0x00000007178f8ee0) thrown at [c:/BuildAgent/work/5ff2f6c26000d570/src/hotspot/share/classfile/systemDictionary.cpp, line 231]
Event: 21.497 Thread 0x0000018e6b7fc800 Exception <a 'java/lang/ClassNotFoundException'{0x0000000717718cf8}: org/apache/taglibs/standard/tag/rt/core/OutTagBeanInfo> (0x0000000717718cf8) thrown at [c:/BuildAgent/work/5ff2f6c26000d570/src/hotspot/share/classfile/systemDictionary.cpp, line 231]
Event: 21.498 Thread 0x0000018e6b7fc800 Exception <a 'java/lang/ClassNotFoundException'{0x000000071772c8f8}: org/apache/taglibs/standard/tag/common/core/OutSupportBeanInfo> (0x000000071772c8f8) thrown at [c:/BuildAgent/work/5ff2f6c26000d570/src/hotspot/share/classfile/systemDictionary.cpp, line
Event: 21.498 Thread 0x0000018e6b7fc800 Exception <a 'java/lang/ClassNotFoundException'{0x00000007177405f0}: org/apache/taglibs/standard/tag/common/core/OutSupportCustomizer> (0x00000007177405f0) thrown at [c:/BuildAgent/work/5ff2f6c26000d570/src/hotspot/share/classfile/systemDictionary.cpp, li
Event: 21.499 Thread 0x0000018e6b7fc800 Exception <a 'java/lang/ClassNotFoundException'{0x0000000717758d18}: org/apache/taglibs/standard/tag/rt/core/OutTagCustomizer> (0x0000000717758d18) thrown at [c:/BuildAgent/work/5ff2f6c26000d570/src/hotspot/share/classfile/systemDictionary.cpp, line 231]
Event: 21.518 Thread 0x0000018e6b7fc800 Exception <a 'java/lang/OutOfMemoryError'{0x00000007175a7878}> (0x00000007175a7878) thrown at [c:/BuildAgent/work/5ff2f6c26000d570/src/hotspot/share/prims/jni.cpp, line 636]
Event: 21.522 Thread 0x0000018e6b7fc800 Exception <a 'java/lang/NoClassDefFoundError'{0x0000000717484b00}: sun/reflect/Reflection> (0x0000000717484b00) thrown at [c:/BuildAgent/work/5ff2f6c26000d570/src/hotspot/share/classfile/systemDictionary.cpp, line 220]

Events (20 events):
Event: 21.530 loading class freemarker/template/Configuration done
Event: 21.530 loading class freemarker/template$Configuration
Event: 21.530 loading class freemarker/template$Configuration done
Event: 21.530 loading class com/samskivert/mustache/Template
Event: 21.530 loading class com/samskivert/mustache/Template done
Event: 21.530 loading class com/samskivert/mustache$Template
Event: 21.530 loading class com/samskivert/mustache$Template done
Event: 21.530 loading class groovy/text/TemplateEngine
Event: 21.530 loading class groovy/text/TemplateEngine done
Event: 21.530 loading class groovy/text$TemplateEngine
Event: 21.530 loading class groovy/text$TemplateEngine done
Event: 21.531 loading class org/thymeleaf/spring5/SpringTemplateEngine
Event: 21.531 loading class org/thymeleaf/spring5/SpringTemplateEngine done
Event: 21.531 loading class org/thymeleaf/spring5$SpringTemplateEngine
Event: 21.531 loading class org/thymeleaf/spring5$SpringTemplateEngine done
Event: 21.532 loading class org/springframework/validation/support/BindingAwareModelMap
Event: 21.532 loading class org/springframework/validation/support/BindingAwareModelMap done
Event: 21.535 loading class org/apache/jasper/compiler/Node$PageDirective
Event: 21.535 loading class org/apache/jasper/compiler/Node$PageDirective done
Event: 21.536 Executing VM operation: CollectForMetadataAllocation


Dynamic libraries:
0x00007ff7cbf10000 - 0x00007ff7cbf1a000 	D:\Program Files\JetBrains\IntelliJ IDEA 2019.3.3\jbr\bin\java.exe
0x00007ffc83c20000 - 0x00007ffc83e10000 	C:\WINDOWS\SYSTEM32\ntdll.dll
0x00007ffc835f0000 - 0x00007ffc836a2000 	C:\WINDOWS\System32\KERNEL32.DLL
0x00007ffc817d0000 - 0x00007ffc81a74000 	C:\WINDOWS\System32\KERNELBASE.dll
0x00007ffc81a80000 - 0x00007ffc81b7a000 	C:\WINDOWS\System32\ucrtbase.dll
0x00007ffc7d370000 - 0x00007ffc7d387000 	D:\Program Files\JetBrains\IntelliJ IDEA 2019.3.3\jbr\bin\VCRUNTIME140.dll
0x00007ffc7d340000 - 0x00007ffc7d359000 	D:\Program Files\JetBrains\IntelliJ IDEA 2019.3.3\jbr\bin\jli.dll
0x00007ffc83450000 - 0x00007ffc835e4000 	C:\WINDOWS\System32\USER32.dll
0x00007ffc80bb0000 - 0x00007ffc80bd1000 	C:\WINDOWS\System32\win32u.dll
0x00007ffc827b0000 - 0x00007ffc827d6000 	C:\WINDOWS\System32\GDI32.dll
0x00007ffc81630000 - 0x00007ffc817c5000 	C:\WINDOWS\System32\gdi32full.dll
0x00007ffc734c0000 - 0x00007ffc73744000 	C:\WINDOWS\WinSxS\amd64_microsoft.windows.common-controls_6595b64144ccf1df_6.0.18362.900_none_e6beb9d913147d17\COMCTL32.dll
0x00007ffc81590000 - 0x00007ffc8162e000 	C:\WINDOWS\System32\msvcp_win.dll
0x00007ffc827e0000 - 0x00007ffc8287e000 	C:\WINDOWS\System32\msvcrt.dll
0x00007ffc82100000 - 0x00007ffc82435000 	C:\WINDOWS\System32\combase.dll
0x00007ffc82a40000 - 0x00007ffc82b60000 	C:\WINDOWS\System32\RPCRT4.dll
0x00007ffc81c30000 - 0x00007ffc81cb0000 	C:\WINDOWS\System32\bcryptPrimitives.dll
0x00007ffc82040000 - 0x00007ffc8206e000 	C:\WINDOWS\System32\IMM32.DLL
0x00007ffc68490000 - 0x00007ffc6852d000 	D:\Program Files\JetBrains\IntelliJ IDEA 2019.3.3\jbr\bin\msvcp140.dll
0x00007ffc26fd0000 - 0x00007ffc27a8b000 	D:\Program Files\JetBrains\IntelliJ IDEA 2019.3.3\jbr\bin\server\jvm.dll
0x00007ffc82c00000 - 0x00007ffc82ca3000 	C:\WINDOWS\System32\ADVAPI32.dll
0x00007ffc82b60000 - 0x00007ffc82bf7000 	C:\WINDOWS\System32\sechost.dll
0x00007ffc82440000 - 0x00007ffc82448000 	C:\WINDOWS\System32\PSAPI.DLL
0x00007ffc7aea0000 - 0x00007ffc7aea9000 	C:\WINDOWS\SYSTEM32\WSOCK32.dll
0x00007ffc82950000 - 0x00007ffc829bf000 	C:\WINDOWS\System32\WS2_32.dll
0x00007ffc7e990000 - 0x00007ffc7e9b4000 	C:\WINDOWS\SYSTEM32\WINMM.dll
0x00007ffc7a7c0000 - 0x00007ffc7a7ca000 	C:\WINDOWS\SYSTEM32\VERSION.dll
0x00007ffc7e960000 - 0x00007ffc7e98d000 	C:\WINDOWS\SYSTEM32\WINMMBASE.dll
0x00007ffc81be0000 - 0x00007ffc81c2a000 	C:\WINDOWS\System32\cfgmgr32.dll
0x00007ffc80b40000 - 0x00007ffc80b51000 	C:\WINDOWS\System32\kernel.appcore.dll
0x00007ffc7ae80000 - 0x00007ffc7ae91000 	D:\Program Files\JetBrains\IntelliJ IDEA 2019.3.3\jbr\bin\verify.dll
0x00007ffc6fab0000 - 0x00007ffc6fca4000 	C:\WINDOWS\SYSTEM32\DBGHELP.DLL
0x00007ffc6f6c0000 - 0x00007ffc6f6ea000 	C:\WINDOWS\SYSTEM32\dbgcore.DLL
0x00007ffc7ad70000 - 0x00007ffc7ad99000 	D:\Program Files\JetBrains\IntelliJ IDEA 2019.3.3\jbr\bin\java.dll
0x00007ffc7eb50000 - 0x00007ffc7eb5f000 	D:\Program Files\JetBrains\IntelliJ IDEA 2019.3.3\jbr\bin\instrument.dll
0x00007ffc7ad50000 - 0x00007ffc7ad67000 	D:\Program Files\JetBrains\IntelliJ IDEA 2019.3.3\jbr\bin\zip.dll
0x00007ffc7ad40000 - 0x00007ffc7ad4b000 	D:\Program Files\JetBrains\IntelliJ IDEA 2019.3.3\jbr\bin\jimage.dll
0x00007ffc82cb0000 - 0x00007ffc83396000 	C:\WINDOWS\System32\SHELL32.dll
0x00007ffc81cd0000 - 0x00007ffc81d79000 	C:\WINDOWS\System32\shcore.dll
0x00007ffc80e10000 - 0x00007ffc81590000 	C:\WINDOWS\System32\windows.storage.dll
0x00007ffc80b80000 - 0x00007ffc80ba3000 	C:\WINDOWS\System32\profapi.dll
0x00007ffc80af0000 - 0x00007ffc80b3a000 	C:\WINDOWS\System32\powrprof.dll
0x00007ffc80ae0000 - 0x00007ffc80af0000 	C:\WINDOWS\System32\UMPDC.dll
0x00007ffc83b80000 - 0x00007ffc83bd2000 	C:\WINDOWS\System32\shlwapi.dll
0x00007ffc81cb0000 - 0x00007ffc81cc7000 	C:\WINDOWS\System32\cryptsp.dll
0x00007ffc7ac70000 - 0x00007ffc7ac8a000 	D:\Program Files\JetBrains\IntelliJ IDEA 2019.3.3\jbr\bin\net.dll
0x00007ffc75410000 - 0x00007ffc75500000 	C:\WINDOWS\SYSTEM32\WINHTTP.dll
0x00007ffc80350000 - 0x00007ffc803b7000 	C:\WINDOWS\system32\mswsock.dll
0x00007ffc7ad20000 - 0x00007ffc7ad34000 	D:\Program Files\JetBrains\IntelliJ IDEA 2019.3.3\jbr\bin\nio.dll
0x00007ffc757a0000 - 0x00007ffc757ba000 	D:\Program Files\JetBrains\IntelliJ IDEA 2019.3.3\bin\breakgen64.dll
0x00007ffc800a0000 - 0x00007ffc8016b000 	C:\WINDOWS\SYSTEM32\DNSAPI.dll
0x00007ffc827a0000 - 0x00007ffc827a8000 	C:\WINDOWS\System32\NSI.dll
0x00007ffc80060000 - 0x00007ffc8009a000 	C:\WINDOWS\SYSTEM32\IPHLPAPI.DLL
0x00007ffc74c30000 - 0x00007ffc74c3a000 	C:\Windows\System32\rasadhlp.dll
0x00007ffc78750000 - 0x00007ffc787c7000 	C:\WINDOWS\System32\fwpuclnt.dll
0x00007ffc80be0000 - 0x00007ffc80c06000 	C:\WINDOWS\System32\bcrypt.dll
0x00007ffc7ad10000 - 0x00007ffc7ad1a000 	D:\Program Files\JetBrains\IntelliJ IDEA 2019.3.3\jbr\bin\management.dll
0x00007ffc7ad00000 - 0x00007ffc7ad0c000 	D:\Program Files\JetBrains\IntelliJ IDEA 2019.3.3\jbr\bin\management_ext.dll
0x00007ffc7fec0000 - 0x00007ffc7fef3000 	C:\WINDOWS\system32\rsaenh.dll
0x00007ffc80a00000 - 0x00007ffc80a25000 	C:\WINDOWS\SYSTEM32\USERENV.dll
0x00007ffc80520000 - 0x00007ffc8052c000 	C:\WINDOWS\SYSTEM32\CRYPTBASE.dll
0x00007ffc7a0b0000 - 0x00007ffc7a0c6000 	C:\WINDOWS\SYSTEM32\dhcpcsvc6.DLL
0x00007ffc7a090000 - 0x00007ffc7a0ac000 	C:\WINDOWS\SYSTEM32\dhcpcsvc.DLL
0x00007ffc6beb0000 - 0x00007ffc6bec6000 	C:\WINDOWS\system32\napinsp.dll
0x00007ffc6be30000 - 0x00007ffc6be4a000 	C:\WINDOWS\system32\pnrpnsp.dll
0x00007ffc6bdc0000 - 0x00007ffc6bdce000 	C:\WINDOWS\System32\winrnr.dll
0x00007ffc7d0e0000 - 0x00007ffc7d0fc000 	C:\WINDOWS\system32\NLAapi.dll
0x00007ffc6bc00000 - 0x00007ffc6bc15000 	C:\WINDOWS\system32\wshbth.dll

dbghelp: loaded successfully - version: 4.0.5 - missing functions: none
symbol engine: initialized successfully - sym options: 0x614 - pdb path: .;D:\Program Files\JetBrains\IntelliJ IDEA 2019.3.3\jbr\bin;C:\WINDOWS\SYSTEM32;C:\WINDOWS\WinSxS\amd64_microsoft.windows.common-controls_6595b64144ccf1df_6.0.18362.900_none_e6beb9d913147d17;D:\Program Files\JetBrains\IntelliJ IDEA 2019.3.3\jbr\bin\server;D:\Program Files\JetBrains\IntelliJ IDEA 2019.3.3\bin

VM Arguments:
jvm_args: -XX:TieredStopAtLevel=1 -Xverify:none -Dspring.output.ansi.enabled=always -Dcom.sun.management.jmxremote -Dspring.jmx.enabled=true -Dspring.liveBeansView.mbeanDomain -Dspring.application.admin.enabled=true -javaagent:D:\Program Files\JetBrains\IntelliJ IDEA 2019.3.3\lib\idea_rt.jar=61550:D:\Program Files\JetBrains\IntelliJ IDEA 2019.3.3\bin -Dfile.encoding=UTF-8 
java_command: at.fhj.ima.kanbancollab.kanbancollab.KanbanCollabApplicationKt
java_class_path (initial): D:\IdeaProjects\KotlinWorkspace\KanbanCollab\build\classes\kotlin\main;D:\IdeaProjects\KotlinWorkspace\KanbanCollab\build\resources\main;C:\Users\pfeld\.gradle\caches\modules-2\files-2.1\org.springframework.boot\spring-boot-starter-data-jpa\2.2.7.RELEASE\66c4e94702455c185a3de90e17b017cbeeda5037\spring-boot-starter-data-jpa-2.2.7.RELEASE.jar;C:\Users\pfeld\.gradle\caches\modules-2\files-2.1\org.springframework.boot\spring-boot-starter-security\2.2.7.RELEASE\69ff18cd868e77679c0a3d19d6c7f823b422acf1\spring-boot-starter-security-2.2.7.RELEASE.jar;C:\Users\pfeld\.gradle\caches\modules-2\files-2.1\org.springframework.boot\spring-boot-starter-web\2.2.7.RELEASE\8b0a33ac19051db7d6afe75ac2e870c416420800\spring-boot-starter-web-2.2.7.RELEASE.jar;C:\Users\pfeld\.gradle\caches\modules-2\files-2.1\org.springframework.boot\spring-boot-starter-validation\2.2.7.RELEASE\185452131086c54291b7204b8c6aad190e9dc3dd\spring-boot-starter-validation-2.2.7.RELEASE.jar;C:\Users\pfeld\.gradle\caches\modules-2\files-2.1\com.fasterxml.jackson.module\jackson-module-kotlin\2.10.4\14cf63eb3d713bc0668af60c26d50996971436e6\jackson-module-kotlin-2.10.4.jar;C:\Users\pfeld\.gradle\caches\modules-2\files-2.1\org.jetbrains.kotlin\kotlin-reflect\1.3.72\86613e1a669a701b0c660bfd2af4f82a7ae11fca\kotlin-reflect-1.3.72.jar;C:\Users\pfeld\.gradle\caches\modules-2\files-2.1\org.jetbrains.kotlin\kotlin-stdlib-jdk8\1.3.72\916d54b9eb6442b615e6f1488978f551c0674720\kotlin-stdlib-jdk8-1.3.72.jar;C:\Users\pfeld\.gradle\caches\modules-2\files-2.1\mysql\mysql-connector-java\8.0.20\d8d388e71c823570662a45dd33f4284141921280\mysql-connector-java-8.0.20.jar;C:\Users\pfeld\.gradle\caches\modules-2\files-2.1\javax.servlet\jstl\1.2\74aca283cd4f4b4f3e425f5820cda58f44409547\jstl-1.2.jar;C:\Users\pfeld\.gradle\caches\modules-2\files-2.1\org.springframework.security\spring-security-taglibs\5.2.4.RELEASE\51b18ed03a7da4898ff9795904e167291bfa3d14\spring-security-taglibs-5.2.4.RELEASE.jar;C:\Users\pfeld\.gradle
Launcher Type: SUN_STANDARD

[Global flags]
     bool BytecodeVerificationLocal                = false                                     {product} {command line}
     bool BytecodeVerificationRemote               = false                                     {product} {command line}
     intx CICompilerCount                          = 3                                         {product} {ergonomic}
     uint ConcGCThreads                            = 1                                         {product} {ergonomic}
     uint G1ConcRefinementThreads                  = 4                                         {product} {ergonomic}
   size_t G1HeapRegionSize                         = 1048576                                   {product} {ergonomic}
    uintx GCDrainStackTargetSize                   = 64                                        {product} {ergonomic}
   size_t InitialHeapSize                          = 268435456                                 {product} {ergonomic}
     bool ManagementServer                         = true                                      {product} {command line}
   size_t MarkStackSize                            = 4194304                                   {product} {ergonomic}
   size_t MaxHeapSize                              = 4280287232                                {product} {ergonomic}
   size_t MaxNewSize                               = 2567962624                                {product} {ergonomic}
   size_t MinHeapDeltaBytes                        = 1048576                                   {product} {ergonomic}
    uintx NonNMethodCodeHeapSize                   = 6973028                                {pd product} {ergonomic}
    uintx NonProfiledCodeHeapSize                  = 244685212                              {pd product} {ergonomic}
    uintx ProfiledCodeHeapSize                     = 0                                      {pd product} {ergonomic}
    uintx ReservedCodeCacheSize                    = 251658240                              {pd product} {ergonomic}
     bool SegmentedCodeCache                       = true                                      {product} {ergonomic}
     intx TieredStopAtLevel                        = 1                                         {product} {command line}
     bool UseCompressedClassPointers               = true                                 {lp64_product} {ergonomic}
     bool UseCompressedOops                        = true                                 {lp64_product} {ergonomic}
     bool UseG1GC                                  = true                                      {product} {ergonomic}
     bool UseLargePagesIndividualAllocation        = false                                  {pd product} {ergonomic}

Logging:
Log output configuration:
 #0: stdout all=warning uptime,level,tags
 #1: stderr all=off uptime,level,tags

Environment Variables:
JAVA_HOME=D:\Program Files (x86)\Java\jdk-13.0.2
PATH=C:\Program Files\Haskell\bin;C:\Program Files\Haskell Platform\8.0.2-a\lib\extralibs\bin;C:\Program Files\Haskell Platform\8.0.2-a\bin;C:\Program Files (x86)\Common Files\Intel\Shared Libraries\redist\intel64\compiler;C:\Program Files (x86)\Common Files\Intel\Shared Libraries\redist\ia32\compiler;C:\Windows\system32;C:\Windows;C:\Windows\System32\Wbem;C:\Windows\System32\WindowsPowerShell\v1.0\;C:\Windows\System32\OpenSSH\;C:\Program Files (x86)\NVIDIA Corporation\PhysX\Common;C:\Program Files\NVIDIA Corporation\NVIDIA NvDLISR;C:\WINDOWS\system32;C:\WINDOWS;C:\WINDOWS\System32\Wbem;C:\WINDOWS\System32\WindowsPowerShell\v1.0\;C:\WINDOWS\System32\OpenSSH\;C:\Program Files\Haskell Platform\8.0.2-a\mingw\bin;C:\Program Files (x86)\Microsoft SQL Server\150\DTS\Binn\;D:\Program Files (x86)\Java\jdk-13.0.2\bin;D:\Program Files\Git\cmd;C:\Users\pfeld\AppData\Roaming\cabal\bin;C:\Users\pfeld\AppData\Roaming\local\bin;C:\Users\pfeld\AppData\Local\Microsoft\WindowsApps;C:\Users\pfeld\AppData\Local\atom\bin;C:\Users\pfeld\AppData\Local\Microsoft\WindowsApps;
USERNAME=pfeld
OS=Windows_NT
PROCESSOR_IDENTIFIER=Intel64 Family 6 Model 60 Stepping 3, GenuineIntel



---------------  S Y S T E M  ---------------

OS: Windows 10 , 64 bit Build 18362 (10.0.18362.900)

CPU:total 4 (initial active 4) (4 cores per cpu, 1 threads per core) family 6 model 60 stepping 3, cmov, cx8, fxsr, mmx, sse, sse2, sse3, ssse3, sse4.1, sse4.2, popcnt, avx, avx2, aes, clmul, erms, lzcnt, tsc, tscinvbit, bmi1, bmi2, fma

Memory: 4k page, system-wide physical 16325M (1180M free)
TotalPageFile size 25716M (AvailPageFile size 4M)
current process WorkingSet (physical memory assigned to process): 373M, peak: 373M
current process commit charge ("private bytes"): 560M, peak: 561M

vm_info: OpenJDK 64-Bit Server VM (11.0.5+10-b520.38) for windows-amd64 JRE (11.0.5+10-b520.38), built on Jan 23 2020 07:58:32 by "" with MS VC++ 14.0 (VS2015)

END.
